
*** Running vivado
    with args -log fifo_generator_0.vds -m64 -product Vivado -mode batch -messageDb vivado.pb -notrace -source fifo_generator_0.tcl


****** Vivado v2017.3 (64-bit)
  **** SW Build 2018833 on Wed Oct  4 19:58:22 MDT 2017
  **** IP Build 2016188 on Wed Oct  4 21:52:56 MDT 2017
    ** Copyright 1986-2017 Xilinx, Inc. All Rights Reserved.

source fifo_generator_0.tcl -notrace
Starting RTL Elaboration : Time (s): cpu = 00:00:10 ; elapsed = 00:00:11 . Memory (MB): peak = 400.254 ; gain = 99.930
INFO: [Synth 8-638] synthesizing module 'fifo_generator_0' [e:/Vivado_projects/Crystals-kyber/Crystals-kyber.srcs/sources_1/ip/fifo_generator_0/synth/fifo_generator_0.vhd:72]
INFO: [Synth 8-256] done synthesizing module 'fifo_generator_0' (17#1) [e:/Vivado_projects/Crystals-kyber/Crystals-kyber.srcs/sources_1/ip/fifo_generator_0/synth/fifo_generator_0.vhd:72]
Finished RTL Elaboration : Time (s): cpu = 00:00:17 ; elapsed = 00:00:19 . Memory (MB): peak = 549.004 ; gain = 248.680
Finished RTL Optimization Phase 1 : Time (s): cpu = 00:00:17 ; elapsed = 00:00:19 . Memory (MB): peak = 549.004 ; gain = 248.680
INFO: [Device 21-403] Loading part xc7a35tcpg236-1
Constraint Validation Runtime : Time (s): cpu = 00:00:00 ; elapsed = 00:00:00.016 . Memory (MB): peak = 786.504 ; gain = 0.004
Finished Constraint Validation : Time (s): cpu = 00:00:30 ; elapsed = 00:00:32 . Memory (MB): peak = 786.504 ; gain = 486.180
Finished Loading Part and Timing Information : Time (s): cpu = 00:00:30 ; elapsed = 00:00:32 . Memory (MB): peak = 786.504 ; gain = 486.180
Finished applying 'set_property' XDC Constraints : Time (s): cpu = 00:00:30 ; elapsed = 00:00:32 . Memory (MB): peak = 786.504 ; gain = 486.180
Finished RTL Optimization Phase 2 : Time (s): cpu = 00:00:30 ; elapsed = 00:00:33 . Memory (MB): peak = 786.504 ; gain = 486.180
Finished Cross Boundary and Area Optimization : Time (s): cpu = 00:00:31 ; elapsed = 00:00:34 . Memory (MB): peak = 786.504 ; gain = 486.180
---------------------------------------------------------------------------------
Start ROM, RAM, DSP and Shift Register Reporting
---------------------------------------------------------------------------------

Distributed RAM: Preliminary Mapping  Report (see note below)
+------------+-------------------------------------------------------------------------------+----------------+----------------------+--------------+
|Module Name | RTL Object                                                                    | Inference      | Size (Depth x Width) | Primitives   | 
+------------+-------------------------------------------------------------------------------+----------------+----------------------+--------------+
|U0          | inst_fifo_gen/gconvfifo.rf/grf.rf/gntv_or_sync_fifo.mem/gdm.dm_gen.dm/RAM_reg | User Attribute | 16 x 34              | RAM32M x 6   | 
+------------+-------------------------------------------------------------------------------+----------------+----------------------+--------------+

Note: The table above is a preliminary report that shows the Distributed RAMs at the current stage of the synthesis flow. Some Distributed RAMs may be reimplemented as non Distributed RAM primitives later in the synthesis flow. Multiple instantiated RAMs are reported only once.
---------------------------------------------------------------------------------
Finished ROM, RAM, DSP and Shift Register Reporting
---------------------------------------------------------------------------------
Finished Applying XDC Timing Constraints : Time (s): cpu = 00:00:40 ; elapsed = 00:00:43 . Memory (MB): peak = 786.504 ; gain = 486.180
Finished Timing Optimization : Time (s): cpu = 00:00:40 ; elapsed = 00:00:43 . Memory (MB): peak = 797.453 ; gain = 497.129
Finished Technology Mapping : Time (s): cpu = 00:00:40 ; elapsed = 00:00:43 . Memory (MB): peak = 798.605 ; gain = 498.281
Finished IO Insertion : Time (s): cpu = 00:00:41 ; elapsed = 00:00:44 . Memory (MB): peak = 798.605 ; gain = 498.281
Finished Renaming Generated Instances : Time (s): cpu = 00:00:41 ; elapsed = 00:00:44 . Memory (MB): peak = 798.605 ; gain = 498.281
Finished Rebuilding User Hierarchy : Time (s): cpu = 00:00:41 ; elapsed = 00:00:44 . Memory (MB): peak = 798.605 ; gain = 498.281
Finished Renaming Generated Ports : Time (s): cpu = 00:00:41 ; elapsed = 00:00:44 . Memory (MB): peak = 798.605 ; gain = 498.281
Finished Handling Custom Attributes : Time (s): cpu = 00:00:41 ; elapsed = 00:00:44 . Memory (MB): peak = 798.605 ; gain = 498.281
Finished Renaming Generated Nets : Time (s): cpu = 00:00:41 ; elapsed = 00:00:44 . Memory (MB): peak = 798.605 ; gain = 498.281

Report Cell Usage: 
+------+-------+------+
|      |Cell   |Count |
+------+-------+------+
|1     |LUT1   |     4|
|2     |LUT2   |     4|
|3     |LUT3   |     4|
|4     |LUT4   |     2|
|5     |LUT5   |     2|
|6     |LUT6   |     4|
|7     |RAM32M |     6|
|8     |FDRE   |    50|
|9     |FDSE   |     4|
+------+-------+------+
Finished Writing Synthesis Report : Time (s): cpu = 00:00:41 ; elapsed = 00:00:44 . Memory (MB): peak = 798.605 ; gain = 498.281
synth_design: Time (s): cpu = 00:00:43 ; elapsed = 00:00:46 . Memory (MB): peak = 798.605 ; gain = 509.758
