
*** Running vivado
    with args -log fifo_generator_2.vds -m64 -product Vivado -mode batch -messageDb vivado.pb -notrace -source fifo_generator_2.tcl


****** Vivado v2017.3 (64-bit)
  **** SW Build 2018833 on Wed Oct  4 19:58:22 MDT 2017
  **** IP Build 2016188 on Wed Oct  4 21:52:56 MDT 2017
    ** Copyright 1986-2017 Xilinx, Inc. All Rights Reserved.

source fifo_generator_2.tcl -notrace
Starting RTL Elaboration : Time (s): cpu = 00:00:10 ; elapsed = 00:00:10 . Memory (MB): peak = 400.582 ; gain = 99.313
INFO: [Synth 8-638] synthesizing module 'fifo_generator_2' [e:/Vivado_projects/Crystals-kyber/Crystals-kyber.srcs/sources_1/ip/fifo_generator_2/synth/fifo_generator_2.vhd:72]
INFO: [Synth 8-256] done synthesizing module 'fifo_generator_2' (17#1) [e:/Vivado_projects/Crystals-kyber/Crystals-kyber.srcs/sources_1/ip/fifo_generator_2/synth/fifo_generator_2.vhd:72]
Finished RTL Elaboration : Time (s): cpu = 00:00:17 ; elapsed = 00:00:18 . Memory (MB): peak = 548.895 ; gain = 247.625
Finished RTL Optimization Phase 1 : Time (s): cpu = 00:00:17 ; elapsed = 00:00:18 . Memory (MB): peak = 548.895 ; gain = 247.625
INFO: [Device 21-403] Loading part xc7a35tcpg236-1
Constraint Validation Runtime : Time (s): cpu = 00:00:00 ; elapsed = 00:00:00.021 . Memory (MB): peak = 786.500 ; gain = 0.000
Finished Constraint Validation : Time (s): cpu = 00:00:29 ; elapsed = 00:00:31 . Memory (MB): peak = 786.500 ; gain = 485.230
Finished Loading Part and Timing Information : Time (s): cpu = 00:00:29 ; elapsed = 00:00:31 . Memory (MB): peak = 786.500 ; gain = 485.230
Finished applying 'set_property' XDC Constraints : Time (s): cpu = 00:00:29 ; elapsed = 00:00:31 . Memory (MB): peak = 786.500 ; gain = 485.230
Finished RTL Optimization Phase 2 : Time (s): cpu = 00:00:29 ; elapsed = 00:00:31 . Memory (MB): peak = 786.500 ; gain = 485.230
Finished Cross Boundary and Area Optimization : Time (s): cpu = 00:00:30 ; elapsed = 00:00:32 . Memory (MB): peak = 786.500 ; gain = 485.230
---------------------------------------------------------------------------------
Start ROM, RAM, DSP and Shift Register Reporting
---------------------------------------------------------------------------------

Distributed RAM: Preliminary Mapping  Report (see note below)
+------------+-------------------------------------------------------------------------------+----------------+----------------------+-----------------------------+
|Module Name | RTL Object                                                                    | Inference      | Size (Depth x Width) | Primitives                  | 
+------------+-------------------------------------------------------------------------------+----------------+----------------------+-----------------------------+
|U0          | inst_fifo_gen/gconvfifo.rf/grf.rf/gntv_or_sync_fifo.mem/gdm.dm_gen.dm/RAM_reg | User Attribute | 256 x 32             | RAM64X1D x 8  RAM64M x 40   | 
+------------+-------------------------------------------------------------------------------+----------------+----------------------+-----------------------------+

Note: The table above is a preliminary report that shows the Distributed RAMs at the current stage of the synthesis flow. Some Distributed RAMs may be reimplemented as non Distributed RAM primitives later in the synthesis flow. Multiple instantiated RAMs are reported only once.
---------------------------------------------------------------------------------
Finished ROM, RAM, DSP and Shift Register Reporting
---------------------------------------------------------------------------------
Finished Applying XDC Timing Constraints : Time (s): cpu = 00:00:38 ; elapsed = 00:00:40 . Memory (MB): peak = 786.500 ; gain = 485.230
Finished Timing Optimization : Time (s): cpu = 00:00:38 ; elapsed = 00:00:40 . Memory (MB): peak = 787.691 ; gain = 486.422
Finished Technology Mapping : Time (s): cpu = 00:00:39 ; elapsed = 00:00:41 . Memory (MB): peak = 798.152 ; gain = 496.883
Finished IO Insertion : Time (s): cpu = 00:00:39 ; elapsed = 00:00:41 . Memory (MB): peak = 798.152 ; gain = 496.883
Finished Renaming Generated Instances : Time (s): cpu = 00:00:39 ; elapsed = 00:00:41 . Memory (MB): peak = 798.152 ; gain = 496.883
Finished Rebuilding User Hierarchy : Time (s): cpu = 00:00:39 ; elapsed = 00:00:42 . Memory (MB): peak = 798.152 ; gain = 496.883
Finished Renaming Generated Ports : Time (s): cpu = 00:00:39 ; elapsed = 00:00:42 . Memory (MB): peak = 798.152 ; gain = 496.883
Finished Handling Custom Attributes : Time (s): cpu = 00:00:39 ; elapsed = 00:00:42 . Memory (MB): peak = 798.152 ; gain = 496.883
Finished Renaming Generated Nets : Time (s): cpu = 00:00:39 ; elapsed = 00:00:42 . Memory (MB): peak = 798.152 ; gain = 496.883

Report Cell Usage: 
+------+---------+------+
|      |Cell     |Count |
+------+---------+------+
|1     |LUT1     |     4|
|2     |LUT2     |     6|
|3     |LUT3     |     4|
|4     |LUT4     |    15|
|5     |LUT5     |     6|
|6     |LUT6     |    38|
|7     |RAM64M   |    40|
|8     |RAM64X1D |     8|
|9     |FDRE     |    64|
|10    |FDSE     |     4|
+------+---------+------+
Finished Writing Synthesis Report : Time (s): cpu = 00:00:39 ; elapsed = 00:00:42 . Memory (MB): peak = 798.152 ; gain = 496.883
synth_design: Time (s): cpu = 00:00:42 ; elapsed = 00:00:44 . Memory (MB): peak = 799.137 ; gain = 509.340
