
*** Running vivado
    with args -log fifo_generator_8.vds -m64 -product Vivado -mode batch -messageDb vivado.pb -notrace -source fifo_generator_8.tcl


****** Vivado v2017.3 (64-bit)
  **** SW Build 2018833 on Wed Oct  4 19:58:22 MDT 2017
  **** IP Build 2016188 on Wed Oct  4 21:52:56 MDT 2017
    ** Copyright 1986-2017 Xilinx, Inc. All Rights Reserved.

source fifo_generator_8.tcl -notrace
Starting RTL Elaboration : Time (s): cpu = 00:00:10 ; elapsed = 00:00:12 . Memory (MB): peak = 402.375 ; gain = 100.766
INFO: [Synth 8-638] synthesizing module 'fifo_generator_8' [e:/Vivado_projects/Crystals-kyber/Crystals-kyber.srcs/sources_1/ip/fifo_generator_8/synth/fifo_generator_8.vhd:72]
INFO: [Synth 8-256] done synthesizing module 'fifo_generator_8' (17#1) [e:/Vivado_projects/Crystals-kyber/Crystals-kyber.srcs/sources_1/ip/fifo_generator_8/synth/fifo_generator_8.vhd:72]
Finished RTL Elaboration : Time (s): cpu = 00:00:17 ; elapsed = 00:00:21 . Memory (MB): peak = 550.859 ; gain = 249.250
Finished RTL Optimization Phase 1 : Time (s): cpu = 00:00:17 ; elapsed = 00:00:21 . Memory (MB): peak = 550.859 ; gain = 249.250
INFO: [Device 21-403] Loading part xc7a12tcpg238-1
Constraint Validation Runtime : Time (s): cpu = 00:00:00 ; elapsed = 00:00:00.144 . Memory (MB): peak = 774.098 ; gain = 0.000
Finished Constraint Validation : Time (s): cpu = 00:00:28 ; elapsed = 00:00:37 . Memory (MB): peak = 774.098 ; gain = 472.488
Finished Loading Part and Timing Information : Time (s): cpu = 00:00:28 ; elapsed = 00:00:37 . Memory (MB): peak = 774.098 ; gain = 472.488
Finished applying 'set_property' XDC Constraints : Time (s): cpu = 00:00:28 ; elapsed = 00:00:37 . Memory (MB): peak = 774.098 ; gain = 472.488
Finished RTL Optimization Phase 2 : Time (s): cpu = 00:00:29 ; elapsed = 00:00:38 . Memory (MB): peak = 774.098 ; gain = 472.488
Finished Cross Boundary and Area Optimization : Time (s): cpu = 00:00:29 ; elapsed = 00:00:39 . Memory (MB): peak = 774.098 ; gain = 472.488
---------------------------------------------------------------------------------
Start ROM, RAM, DSP and Shift Register Reporting
---------------------------------------------------------------------------------

Distributed RAM: Preliminary Mapping  Report (see note below)
+------------+-------------------------------------------------------------------------------+----------------+----------------------+--------------+
|Module Name | RTL Object                                                                    | Inference      | Size (Depth x Width) | Primitives   | 
+------------+-------------------------------------------------------------------------------+----------------+----------------------+--------------+
|U0          | inst_fifo_gen/gconvfifo.rf/grf.rf/gntv_or_sync_fifo.mem/gdm.dm_gen.dm/RAM_reg | User Attribute | 32 x 33              | RAM32M x 6   | 
+------------+-------------------------------------------------------------------------------+----------------+----------------------+--------------+

Note: The table above is a preliminary report that shows the Distributed RAMs at the current stage of the synthesis flow. Some Distributed RAMs may be reimplemented as non Distributed RAM primitives later in the synthesis flow. Multiple instantiated RAMs are reported only once.
---------------------------------------------------------------------------------
Finished ROM, RAM, DSP and Shift Register Reporting
---------------------------------------------------------------------------------
Finished Applying XDC Timing Constraints : Time (s): cpu = 00:00:39 ; elapsed = 00:00:48 . Memory (MB): peak = 774.098 ; gain = 472.488
Finished Timing Optimization : Time (s): cpu = 00:00:39 ; elapsed = 00:00:48 . Memory (MB): peak = 774.098 ; gain = 472.488
Finished Technology Mapping : Time (s): cpu = 00:00:39 ; elapsed = 00:00:49 . Memory (MB): peak = 783.109 ; gain = 481.500
Finished IO Insertion : Time (s): cpu = 00:00:40 ; elapsed = 00:00:50 . Memory (MB): peak = 783.109 ; gain = 481.500
Finished Renaming Generated Instances : Time (s): cpu = 00:00:40 ; elapsed = 00:00:50 . Memory (MB): peak = 783.109 ; gain = 481.500
Finished Rebuilding User Hierarchy : Time (s): cpu = 00:00:40 ; elapsed = 00:00:50 . Memory (MB): peak = 783.109 ; gain = 481.500
Finished Renaming Generated Ports : Time (s): cpu = 00:00:40 ; elapsed = 00:00:50 . Memory (MB): peak = 783.109 ; gain = 481.500
Finished Handling Custom Attributes : Time (s): cpu = 00:00:40 ; elapsed = 00:00:50 . Memory (MB): peak = 783.109 ; gain = 481.500
Finished Renaming Generated Nets : Time (s): cpu = 00:00:40 ; elapsed = 00:00:50 . Memory (MB): peak = 783.109 ; gain = 481.500

Report Cell Usage: 
+------+-------+------+
|      |Cell   |Count |
+------+-------+------+
|1     |LUT1   |     4|
|2     |LUT2   |     4|
|3     |LUT3   |     2|
|4     |LUT4   |     9|
|5     |LUT5   |     4|
|6     |LUT6   |     2|
|7     |RAM32M |     6|
|8     |FDRE   |    53|
|9     |FDSE   |     4|
+------+-------+------+
Finished Writing Synthesis Report : Time (s): cpu = 00:00:40 ; elapsed = 00:00:50 . Memory (MB): peak = 783.109 ; gain = 481.500
synth_design: Time (s): cpu = 00:00:43 ; elapsed = 00:00:55 . Memory (MB): peak = 785.156 ; gain = 495.020
