
*** Running vivado
    with args -log c_shift_ram_5.vds -m64 -product Vivado -mode batch -messageDb vivado.pb -notrace -source c_shift_ram_5.tcl


****** Vivado v2017.3 (64-bit)
  **** SW Build 2018833 on Wed Oct  4 19:58:22 MDT 2017
  **** IP Build 2016188 on Wed Oct  4 21:52:56 MDT 2017
    ** Copyright 1986-2017 Xilinx, Inc. All Rights Reserved.

source c_shift_ram_5.tcl -notrace
Starting RTL Elaboration : Time (s): cpu = 00:00:07 ; elapsed = 00:00:08 . Memory (MB): peak = 400.813 ; gain = 99.625
INFO: [Synth 8-638] synthesizing module 'c_shift_ram_5' [e:/Vivado_projects/Crystals-kyber/Crystals-kyber.srcs/sources_1/ip/c_shift_ram_5/synth/c_shift_ram_5.vhd:67]
INFO: [Synth 8-256] done synthesizing module 'c_shift_ram_5' (4#1) [e:/Vivado_projects/Crystals-kyber/Crystals-kyber.srcs/sources_1/ip/c_shift_ram_5/synth/c_shift_ram_5.vhd:67]
Finished RTL Elaboration : Time (s): cpu = 00:00:10 ; elapsed = 00:00:11 . Memory (MB): peak = 461.813 ; gain = 160.625
Finished RTL Optimization Phase 1 : Time (s): cpu = 00:00:10 ; elapsed = 00:00:11 . Memory (MB): peak = 461.813 ; gain = 160.625
INFO: [Device 21-403] Loading part xc7a12tcpg238-1
Constraint Validation Runtime : Time (s): cpu = 00:00:00 ; elapsed = 00:00:00.013 . Memory (MB): peak = 761.199 ; gain = 0.000
Finished Constraint Validation : Time (s): cpu = 00:00:21 ; elapsed = 00:00:22 . Memory (MB): peak = 761.199 ; gain = 460.012
Finished Loading Part and Timing Information : Time (s): cpu = 00:00:21 ; elapsed = 00:00:22 . Memory (MB): peak = 761.199 ; gain = 460.012
Finished applying 'set_property' XDC Constraints : Time (s): cpu = 00:00:21 ; elapsed = 00:00:22 . Memory (MB): peak = 761.199 ; gain = 460.012
Finished RTL Optimization Phase 2 : Time (s): cpu = 00:00:21 ; elapsed = 00:00:22 . Memory (MB): peak = 761.199 ; gain = 460.012
Finished Cross Boundary and Area Optimization : Time (s): cpu = 00:00:21 ; elapsed = 00:00:23 . Memory (MB): peak = 761.199 ; gain = 460.012
Finished Applying XDC Timing Constraints : Time (s): cpu = 00:00:30 ; elapsed = 00:00:31 . Memory (MB): peak = 761.199 ; gain = 460.012
Finished Timing Optimization : Time (s): cpu = 00:00:30 ; elapsed = 00:00:31 . Memory (MB): peak = 761.199 ; gain = 460.012
Finished Technology Mapping : Time (s): cpu = 00:00:30 ; elapsed = 00:00:31 . Memory (MB): peak = 761.199 ; gain = 460.012
Finished IO Insertion : Time (s): cpu = 00:00:31 ; elapsed = 00:00:32 . Memory (MB): peak = 761.199 ; gain = 460.012
Finished Renaming Generated Instances : Time (s): cpu = 00:00:31 ; elapsed = 00:00:32 . Memory (MB): peak = 761.199 ; gain = 460.012
Finished Rebuilding User Hierarchy : Time (s): cpu = 00:00:31 ; elapsed = 00:00:32 . Memory (MB): peak = 761.199 ; gain = 460.012
Finished Renaming Generated Ports : Time (s): cpu = 00:00:31 ; elapsed = 00:00:32 . Memory (MB): peak = 761.199 ; gain = 460.012
Finished Handling Custom Attributes : Time (s): cpu = 00:00:31 ; elapsed = 00:00:32 . Memory (MB): peak = 761.199 ; gain = 460.012
Finished Renaming Generated Nets : Time (s): cpu = 00:00:31 ; elapsed = 00:00:32 . Memory (MB): peak = 761.199 ; gain = 460.012

Report Cell Usage: 
+------+-------+------+
|      |Cell   |Count |
+------+-------+------+
|1     |SRL16E |     7|
|2     |FDRE   |    14|
+------+-------+------+
Finished Writing Synthesis Report : Time (s): cpu = 00:00:31 ; elapsed = 00:00:32 . Memory (MB): peak = 761.199 ; gain = 460.012
synth_design: Time (s): cpu = 00:00:34 ; elapsed = 00:00:36 . Memory (MB): peak = 761.227 ; gain = 471.512
