
*** Running vivado
    with args -log blk_mem_gen_2.vds -m64 -product Vivado -mode batch -messageDb vivado.pb -notrace -source blk_mem_gen_2.tcl


****** Vivado v2017.3 (64-bit)
  **** SW Build 2018833 on Wed Oct  4 19:58:22 MDT 2017
  **** IP Build 2016188 on Wed Oct  4 21:52:56 MDT 2017
    ** Copyright 1986-2017 Xilinx, Inc. All Rights Reserved.

source blk_mem_gen_2.tcl -notrace
Starting RTL Elaboration : Time (s): cpu = 00:00:09 ; elapsed = 00:00:10 . Memory (MB): peak = 398.738 ; gain = 98.281
INFO: [Synth 8-638] synthesizing module 'blk_mem_gen_2' [e:/Vivado_projects/Crystals-kyber/Crystals-kyber.srcs/sources_1/ip/blk_mem_gen_2/synth/blk_mem_gen_2.vhd:71]
INFO: [Synth 8-256] done synthesizing module 'blk_mem_gen_2' (9#1) [e:/Vivado_projects/Crystals-kyber/Crystals-kyber.srcs/sources_1/ip/blk_mem_gen_2/synth/blk_mem_gen_2.vhd:71]
Finished RTL Elaboration : Time (s): cpu = 00:01:25 ; elapsed = 00:01:27 . Memory (MB): peak = 657.090 ; gain = 356.633
Finished RTL Optimization Phase 1 : Time (s): cpu = 00:01:25 ; elapsed = 00:01:27 . Memory (MB): peak = 657.090 ; gain = 356.633
INFO: [Device 21-403] Loading part xc7a35tcpg236-1
Constraint Validation Runtime : Time (s): cpu = 00:00:00 ; elapsed = 00:00:00.012 . Memory (MB): peak = 703.848 ; gain = 0.000
Finished Constraint Validation : Time (s): cpu = 00:01:39 ; elapsed = 00:01:41 . Memory (MB): peak = 703.848 ; gain = 403.391
Finished Loading Part and Timing Information : Time (s): cpu = 00:01:39 ; elapsed = 00:01:41 . Memory (MB): peak = 703.848 ; gain = 403.391
Finished applying 'set_property' XDC Constraints : Time (s): cpu = 00:01:39 ; elapsed = 00:01:41 . Memory (MB): peak = 703.848 ; gain = 403.391
Finished RTL Optimization Phase 2 : Time (s): cpu = 00:01:39 ; elapsed = 00:01:41 . Memory (MB): peak = 703.848 ; gain = 403.391
Finished Cross Boundary and Area Optimization : Time (s): cpu = 00:01:40 ; elapsed = 00:01:42 . Memory (MB): peak = 703.848 ; gain = 403.391
Finished Applying XDC Timing Constraints : Time (s): cpu = 00:01:52 ; elapsed = 00:01:54 . Memory (MB): peak = 762.051 ; gain = 461.594
Finished Timing Optimization : Time (s): cpu = 00:01:52 ; elapsed = 00:01:54 . Memory (MB): peak = 762.051 ; gain = 461.594
Finished Technology Mapping : Time (s): cpu = 00:01:52 ; elapsed = 00:01:54 . Memory (MB): peak = 771.715 ; gain = 471.258
Finished IO Insertion : Time (s): cpu = 00:01:54 ; elapsed = 00:01:56 . Memory (MB): peak = 771.715 ; gain = 471.258
Finished Renaming Generated Instances : Time (s): cpu = 00:01:54 ; elapsed = 00:01:56 . Memory (MB): peak = 771.715 ; gain = 471.258
Finished Rebuilding User Hierarchy : Time (s): cpu = 00:01:54 ; elapsed = 00:01:56 . Memory (MB): peak = 771.715 ; gain = 471.258
Finished Renaming Generated Ports : Time (s): cpu = 00:01:54 ; elapsed = 00:01:56 . Memory (MB): peak = 771.715 ; gain = 471.258
Finished Handling Custom Attributes : Time (s): cpu = 00:01:54 ; elapsed = 00:01:56 . Memory (MB): peak = 771.715 ; gain = 471.258
Finished Renaming Generated Nets : Time (s): cpu = 00:01:54 ; elapsed = 00:01:56 . Memory (MB): peak = 771.715 ; gain = 471.258

Report Cell Usage: 
+------+---------+------+
|      |Cell     |Count |
+------+---------+------+
|1     |RAMB18E1 |     1|
+------+---------+------+
Finished Writing Synthesis Report : Time (s): cpu = 00:01:54 ; elapsed = 00:01:56 . Memory (MB): peak = 771.715 ; gain = 471.258
synth_design: Time (s): cpu = 00:01:56 ; elapsed = 00:01:59 . Memory (MB): peak = 782.797 ; gain = 493.813
