
*** Running vivado
    with args -log blk_mem_gen_1.vds -m64 -product Vivado -mode batch -messageDb vivado.pb -notrace -source blk_mem_gen_1.tcl


****** Vivado v2017.3 (64-bit)
  **** SW Build 2018833 on Wed Oct  4 19:58:22 MDT 2017
  **** IP Build 2016188 on Wed Oct  4 21:52:56 MDT 2017
    ** Copyright 1986-2017 Xilinx, Inc. All Rights Reserved.

source blk_mem_gen_1.tcl -notrace
Starting RTL Elaboration : Time (s): cpu = 00:00:09 ; elapsed = 00:00:10 . Memory (MB): peak = 401.145 ; gain = 99.398
INFO: [Synth 8-638] synthesizing module 'blk_mem_gen_1' [e:/Vivado_projects/Crystals-kyber/Crystals-kyber.srcs/sources_1/ip/blk_mem_gen_1/synth/blk_mem_gen_1.vhd:71]
INFO: [Synth 8-256] done synthesizing module 'blk_mem_gen_1' (9#1) [e:/Vivado_projects/Crystals-kyber/Crystals-kyber.srcs/sources_1/ip/blk_mem_gen_1/synth/blk_mem_gen_1.vhd:71]
Finished RTL Elaboration : Time (s): cpu = 00:01:22 ; elapsed = 00:01:23 . Memory (MB): peak = 658.375 ; gain = 356.629
Finished RTL Optimization Phase 1 : Time (s): cpu = 00:01:22 ; elapsed = 00:01:23 . Memory (MB): peak = 658.375 ; gain = 356.629
INFO: [Device 21-403] Loading part xc7a12tcpg238-1
Constraint Validation Runtime : Time (s): cpu = 00:00:00 ; elapsed = 00:00:00.014 . Memory (MB): peak = 689.691 ; gain = 0.012
Finished Constraint Validation : Time (s): cpu = 00:01:34 ; elapsed = 00:01:35 . Memory (MB): peak = 689.691 ; gain = 387.945
Finished Loading Part and Timing Information : Time (s): cpu = 00:01:34 ; elapsed = 00:01:35 . Memory (MB): peak = 689.691 ; gain = 387.945
Finished applying 'set_property' XDC Constraints : Time (s): cpu = 00:01:34 ; elapsed = 00:01:35 . Memory (MB): peak = 689.691 ; gain = 387.945
Finished RTL Optimization Phase 2 : Time (s): cpu = 00:01:34 ; elapsed = 00:01:36 . Memory (MB): peak = 689.691 ; gain = 387.945
Finished Cross Boundary and Area Optimization : Time (s): cpu = 00:01:35 ; elapsed = 00:01:36 . Memory (MB): peak = 689.691 ; gain = 387.945
Finished Applying XDC Timing Constraints : Time (s): cpu = 00:01:44 ; elapsed = 00:01:45 . Memory (MB): peak = 752.250 ; gain = 450.504
Finished Timing Optimization : Time (s): cpu = 00:01:44 ; elapsed = 00:01:45 . Memory (MB): peak = 752.324 ; gain = 450.578
Finished Technology Mapping : Time (s): cpu = 00:01:44 ; elapsed = 00:01:45 . Memory (MB): peak = 761.855 ; gain = 460.109
Finished IO Insertion : Time (s): cpu = 00:01:45 ; elapsed = 00:01:46 . Memory (MB): peak = 761.855 ; gain = 460.109
Finished Renaming Generated Instances : Time (s): cpu = 00:01:45 ; elapsed = 00:01:46 . Memory (MB): peak = 761.855 ; gain = 460.109
Finished Rebuilding User Hierarchy : Time (s): cpu = 00:01:45 ; elapsed = 00:01:46 . Memory (MB): peak = 761.855 ; gain = 460.109
Finished Renaming Generated Ports : Time (s): cpu = 00:01:45 ; elapsed = 00:01:46 . Memory (MB): peak = 761.855 ; gain = 460.109
Finished Handling Custom Attributes : Time (s): cpu = 00:01:45 ; elapsed = 00:01:46 . Memory (MB): peak = 761.855 ; gain = 460.109
Finished Renaming Generated Nets : Time (s): cpu = 00:01:45 ; elapsed = 00:01:46 . Memory (MB): peak = 761.855 ; gain = 460.109

Report Cell Usage: 
+------+---------+------+
|      |Cell     |Count |
+------+---------+------+
|1     |RAMB36E1 |     1|
+------+---------+------+
Finished Writing Synthesis Report : Time (s): cpu = 00:01:45 ; elapsed = 00:01:46 . Memory (MB): peak = 761.855 ; gain = 460.109
synth_design: Time (s): cpu = 00:01:47 ; elapsed = 00:01:50 . Memory (MB): peak = 771.402 ; gain = 481.129
