
*** Running vivado
    with args -log fifo_generator_2.vds -m64 -product Vivado -mode batch -messageDb vivado.pb -notrace -source fifo_generator_2.tcl


****** Vivado v2017.3 (64-bit)
  **** SW Build 2018833 on Wed Oct  4 19:58:22 MDT 2017
  **** IP Build 2016188 on Wed Oct  4 21:52:56 MDT 2017
    ** Copyright 1986-2017 Xilinx, Inc. All Rights Reserved.

source fifo_generator_2.tcl -notrace
Starting RTL Elaboration : Time (s): cpu = 00:00:14 ; elapsed = 00:00:19 . Memory (MB): peak = 402.863 ; gain = 100.895
INFO: [Synth 8-638] synthesizing module 'fifo_generator_2' [e:/Vivado_projects/Crystals-kyber/Crystals-kyber.srcs/sources_1/ip/fifo_generator_2/synth/fifo_generator_2.vhd:72]
INFO: [Synth 8-256] done synthesizing module 'fifo_generator_2' (17#1) [e:/Vivado_projects/Crystals-kyber/Crystals-kyber.srcs/sources_1/ip/fifo_generator_2/synth/fifo_generator_2.vhd:72]
Finished RTL Elaboration : Time (s): cpu = 00:00:25 ; elapsed = 00:00:32 . Memory (MB): peak = 550.910 ; gain = 248.941
Finished RTL Optimization Phase 1 : Time (s): cpu = 00:00:25 ; elapsed = 00:00:33 . Memory (MB): peak = 550.910 ; gain = 248.941
INFO: [Device 21-403] Loading part xc7a12tcpg238-1
Constraint Validation Runtime : Time (s): cpu = 00:00:00 ; elapsed = 00:00:00.145 . Memory (MB): peak = 774.867 ; gain = 0.004
Finished Constraint Validation : Time (s): cpu = 00:00:43 ; elapsed = 00:00:56 . Memory (MB): peak = 774.867 ; gain = 472.898
Finished Loading Part and Timing Information : Time (s): cpu = 00:00:43 ; elapsed = 00:00:56 . Memory (MB): peak = 774.867 ; gain = 472.898
Finished applying 'set_property' XDC Constraints : Time (s): cpu = 00:00:43 ; elapsed = 00:00:56 . Memory (MB): peak = 774.867 ; gain = 472.898
Finished RTL Optimization Phase 2 : Time (s): cpu = 00:00:43 ; elapsed = 00:00:56 . Memory (MB): peak = 774.867 ; gain = 472.898
Finished Cross Boundary and Area Optimization : Time (s): cpu = 00:00:44 ; elapsed = 00:00:57 . Memory (MB): peak = 774.867 ; gain = 472.898
---------------------------------------------------------------------------------
Start ROM, RAM, DSP and Shift Register Reporting
---------------------------------------------------------------------------------

Distributed RAM: Preliminary Mapping  Report (see note below)
+------------+-------------------------------------------------------------------------------+----------------+----------------------+-----------------------------+
|Module Name | RTL Object                                                                    | Inference      | Size (Depth x Width) | Primitives                  | 
+------------+-------------------------------------------------------------------------------+----------------+----------------------+-----------------------------+
|U0          | inst_fifo_gen/gconvfifo.rf/grf.rf/gntv_or_sync_fifo.mem/gdm.dm_gen.dm/RAM_reg | User Attribute | 128 x 32             | RAM64X1D x 4  RAM64M x 20   | 
+------------+-------------------------------------------------------------------------------+----------------+----------------------+-----------------------------+

Note: The table above is a preliminary report that shows the Distributed RAMs at the current stage of the synthesis flow. Some Distributed RAMs may be reimplemented as non Distributed RAM primitives later in the synthesis flow. Multiple instantiated RAMs are reported only once.
---------------------------------------------------------------------------------
Finished ROM, RAM, DSP and Shift Register Reporting
---------------------------------------------------------------------------------
Finished Applying XDC Timing Constraints : Time (s): cpu = 00:00:58 ; elapsed = 00:01:11 . Memory (MB): peak = 774.867 ; gain = 472.898
Finished Timing Optimization : Time (s): cpu = 00:00:58 ; elapsed = 00:01:11 . Memory (MB): peak = 776.422 ; gain = 474.453
Finished Technology Mapping : Time (s): cpu = 00:00:58 ; elapsed = 00:01:12 . Memory (MB): peak = 786.113 ; gain = 484.145
Finished IO Insertion : Time (s): cpu = 00:00:59 ; elapsed = 00:01:13 . Memory (MB): peak = 786.113 ; gain = 484.145
Finished Renaming Generated Instances : Time (s): cpu = 00:00:59 ; elapsed = 00:01:13 . Memory (MB): peak = 786.113 ; gain = 484.145
Finished Rebuilding User Hierarchy : Time (s): cpu = 00:00:59 ; elapsed = 00:01:13 . Memory (MB): peak = 786.113 ; gain = 484.145
Finished Renaming Generated Ports : Time (s): cpu = 00:00:59 ; elapsed = 00:01:13 . Memory (MB): peak = 786.113 ; gain = 484.145
Finished Handling Custom Attributes : Time (s): cpu = 00:00:59 ; elapsed = 00:01:13 . Memory (MB): peak = 786.113 ; gain = 484.145
Finished Renaming Generated Nets : Time (s): cpu = 00:00:59 ; elapsed = 00:01:13 . Memory (MB): peak = 786.113 ; gain = 484.145

Report Cell Usage: 
+------+---------+------+
|      |Cell     |Count |
+------+---------+------+
|1     |LUT1     |     4|
|2     |LUT2     |     4|
|3     |LUT3     |    38|
|4     |LUT4     |     5|
|5     |LUT5     |     4|
|6     |LUT6     |    10|
|7     |RAM64M   |    20|
|8     |RAM64X1D |     4|
|9     |FDRE     |    60|
|10    |FDSE     |     4|
+------+---------+------+
Finished Writing Synthesis Report : Time (s): cpu = 00:00:59 ; elapsed = 00:01:13 . Memory (MB): peak = 786.113 ; gain = 484.145
synth_design: Time (s): cpu = 00:01:03 ; elapsed = 00:01:19 . Memory (MB): peak = 789.383 ; gain = 498.887
