
*** Running vivado
    with args -log blk_mem_gen_0.vds -m64 -product Vivado -mode batch -messageDb vivado.pb -notrace -source blk_mem_gen_0.tcl


****** Vivado v2017.3 (64-bit)
  **** SW Build 2018833 on Wed Oct  4 19:58:22 MDT 2017
  **** IP Build 2016188 on Wed Oct  4 21:52:56 MDT 2017
    ** Copyright 1986-2017 Xilinx, Inc. All Rights Reserved.

source blk_mem_gen_0.tcl -notrace
Starting RTL Elaboration : Time (s): cpu = 00:00:09 ; elapsed = 00:00:10 . Memory (MB): peak = 399.047 ; gain = 98.598
INFO: [Synth 8-638] synthesizing module 'blk_mem_gen_0' [e:/Vivado_projects/Crystals-kyber/Crystals-kyber.srcs/sources_1/ip/blk_mem_gen_0/synth/blk_mem_gen_0.vhd:71]
INFO: [Synth 8-256] done synthesizing module 'blk_mem_gen_0' (9#1) [e:/Vivado_projects/Crystals-kyber/Crystals-kyber.srcs/sources_1/ip/blk_mem_gen_0/synth/blk_mem_gen_0.vhd:71]
Finished RTL Elaboration : Time (s): cpu = 00:01:23 ; elapsed = 00:01:25 . Memory (MB): peak = 657.059 ; gain = 356.609
Finished RTL Optimization Phase 1 : Time (s): cpu = 00:01:23 ; elapsed = 00:01:25 . Memory (MB): peak = 657.059 ; gain = 356.609
INFO: [Device 21-403] Loading part xc7a35tcpg236-1
Constraint Validation Runtime : Time (s): cpu = 00:00:00 ; elapsed = 00:00:00.015 . Memory (MB): peak = 703.004 ; gain = 0.000
Finished Constraint Validation : Time (s): cpu = 00:01:36 ; elapsed = 00:01:38 . Memory (MB): peak = 703.004 ; gain = 402.555
Finished Loading Part and Timing Information : Time (s): cpu = 00:01:36 ; elapsed = 00:01:38 . Memory (MB): peak = 703.004 ; gain = 402.555
Finished applying 'set_property' XDC Constraints : Time (s): cpu = 00:01:36 ; elapsed = 00:01:38 . Memory (MB): peak = 703.004 ; gain = 402.555
Finished RTL Optimization Phase 2 : Time (s): cpu = 00:01:36 ; elapsed = 00:01:38 . Memory (MB): peak = 703.004 ; gain = 402.555
Finished Cross Boundary and Area Optimization : Time (s): cpu = 00:01:36 ; elapsed = 00:01:39 . Memory (MB): peak = 703.004 ; gain = 402.555
Finished Applying XDC Timing Constraints : Time (s): cpu = 00:01:45 ; elapsed = 00:01:48 . Memory (MB): peak = 760.125 ; gain = 459.676
Finished Timing Optimization : Time (s): cpu = 00:01:45 ; elapsed = 00:01:48 . Memory (MB): peak = 760.199 ; gain = 459.750
Finished Technology Mapping : Time (s): cpu = 00:01:45 ; elapsed = 00:01:48 . Memory (MB): peak = 769.730 ; gain = 469.281
Finished IO Insertion : Time (s): cpu = 00:01:46 ; elapsed = 00:01:49 . Memory (MB): peak = 769.730 ; gain = 469.281
Finished Renaming Generated Instances : Time (s): cpu = 00:01:46 ; elapsed = 00:01:49 . Memory (MB): peak = 769.730 ; gain = 469.281
Finished Rebuilding User Hierarchy : Time (s): cpu = 00:01:46 ; elapsed = 00:01:49 . Memory (MB): peak = 769.730 ; gain = 469.281
Finished Renaming Generated Ports : Time (s): cpu = 00:01:46 ; elapsed = 00:01:49 . Memory (MB): peak = 769.730 ; gain = 469.281
Finished Handling Custom Attributes : Time (s): cpu = 00:01:46 ; elapsed = 00:01:49 . Memory (MB): peak = 769.730 ; gain = 469.281
Finished Renaming Generated Nets : Time (s): cpu = 00:01:46 ; elapsed = 00:01:49 . Memory (MB): peak = 769.730 ; gain = 469.281

Report Cell Usage: 
+------+---------+------+
|      |Cell     |Count |
+------+---------+------+
|1     |RAMB18E1 |     1|
+------+---------+------+
Finished Writing Synthesis Report : Time (s): cpu = 00:01:46 ; elapsed = 00:01:49 . Memory (MB): peak = 769.730 ; gain = 469.281
synth_design: Time (s): cpu = 00:01:48 ; elapsed = 00:01:51 . Memory (MB): peak = 781.887 ; gain = 492.902
