
*** Running vivado
    with args -log fifo_generator_0.vds -m64 -product Vivado -mode batch -messageDb vivado.pb -notrace -source fifo_generator_0.tcl


****** Vivado v2017.3 (64-bit)
  **** SW Build 2018833 on Wed Oct  4 19:58:22 MDT 2017
  **** IP Build 2016188 on Wed Oct  4 21:52:56 MDT 2017
    ** Copyright 1986-2017 Xilinx, Inc. All Rights Reserved.

source fifo_generator_0.tcl -notrace
Starting RTL Elaboration : Time (s): cpu = 00:00:10 ; elapsed = 00:00:12 . Memory (MB): peak = 400.961 ; gain = 99.820
INFO: [Synth 8-638] synthesizing module 'fifo_generator_0' [e:/Vivado_projects/Crystals-kyber/Crystals-kyber.srcs/sources_1/ip/fifo_generator_0/synth/fifo_generator_0.vhd:72]
INFO: [Synth 8-256] done synthesizing module 'fifo_generator_0' (17#1) [e:/Vivado_projects/Crystals-kyber/Crystals-kyber.srcs/sources_1/ip/fifo_generator_0/synth/fifo_generator_0.vhd:72]
Finished RTL Elaboration : Time (s): cpu = 00:00:17 ; elapsed = 00:00:20 . Memory (MB): peak = 548.855 ; gain = 247.715
Finished RTL Optimization Phase 1 : Time (s): cpu = 00:00:18 ; elapsed = 00:00:20 . Memory (MB): peak = 548.855 ; gain = 247.715
INFO: [Device 21-403] Loading part xc7a35tcpg236-1
Constraint Validation Runtime : Time (s): cpu = 00:00:00 ; elapsed = 00:00:00.020 . Memory (MB): peak = 786.320 ; gain = 0.000
Finished Constraint Validation : Time (s): cpu = 00:00:30 ; elapsed = 00:00:35 . Memory (MB): peak = 786.320 ; gain = 485.180
Finished Loading Part and Timing Information : Time (s): cpu = 00:00:30 ; elapsed = 00:00:35 . Memory (MB): peak = 786.320 ; gain = 485.180
Finished applying 'set_property' XDC Constraints : Time (s): cpu = 00:00:30 ; elapsed = 00:00:35 . Memory (MB): peak = 786.320 ; gain = 485.180
Finished RTL Optimization Phase 2 : Time (s): cpu = 00:00:30 ; elapsed = 00:00:35 . Memory (MB): peak = 786.320 ; gain = 485.180
Finished Cross Boundary and Area Optimization : Time (s): cpu = 00:00:31 ; elapsed = 00:00:36 . Memory (MB): peak = 786.320 ; gain = 485.180
---------------------------------------------------------------------------------
Start ROM, RAM, DSP and Shift Register Reporting
---------------------------------------------------------------------------------

Distributed RAM: Preliminary Mapping  Report (see note below)
+------------+-------------------------------------------------------------------------------+----------------+----------------------+---------------+
|Module Name | RTL Object                                                                    | Inference      | Size (Depth x Width) | Primitives    | 
+------------+-------------------------------------------------------------------------------+----------------+----------------------+---------------+
|U0          | inst_fifo_gen/gconvfifo.rf/grf.rf/gntv_or_sync_fifo.mem/gdm.dm_gen.dm/RAM_reg | User Attribute | 512 x 36             | RAM64M x 96   | 
+------------+-------------------------------------------------------------------------------+----------------+----------------------+---------------+

Note: The table above is a preliminary report that shows the Distributed RAMs at the current stage of the synthesis flow. Some Distributed RAMs may be reimplemented as non Distributed RAM primitives later in the synthesis flow. Multiple instantiated RAMs are reported only once.
---------------------------------------------------------------------------------
Finished ROM, RAM, DSP and Shift Register Reporting
---------------------------------------------------------------------------------
Finished Applying XDC Timing Constraints : Time (s): cpu = 00:00:41 ; elapsed = 00:00:46 . Memory (MB): peak = 786.320 ; gain = 485.180
Finished Timing Optimization : Time (s): cpu = 00:00:41 ; elapsed = 00:00:46 . Memory (MB): peak = 786.320 ; gain = 485.180
Finished Technology Mapping : Time (s): cpu = 00:00:41 ; elapsed = 00:00:46 . Memory (MB): peak = 797.445 ; gain = 496.305
Finished IO Insertion : Time (s): cpu = 00:00:42 ; elapsed = 00:00:47 . Memory (MB): peak = 797.445 ; gain = 496.305
Finished Renaming Generated Instances : Time (s): cpu = 00:00:42 ; elapsed = 00:00:47 . Memory (MB): peak = 797.445 ; gain = 496.305
Finished Rebuilding User Hierarchy : Time (s): cpu = 00:00:42 ; elapsed = 00:00:47 . Memory (MB): peak = 797.445 ; gain = 496.305
Finished Renaming Generated Ports : Time (s): cpu = 00:00:42 ; elapsed = 00:00:47 . Memory (MB): peak = 797.445 ; gain = 496.305
Finished Handling Custom Attributes : Time (s): cpu = 00:00:42 ; elapsed = 00:00:47 . Memory (MB): peak = 797.445 ; gain = 496.305
Finished Renaming Generated Nets : Time (s): cpu = 00:00:42 ; elapsed = 00:00:47 . Memory (MB): peak = 797.445 ; gain = 496.305

Report Cell Usage: 
+------+-------+------+
|      |Cell   |Count |
+------+-------+------+
|1     |LUT1   |     4|
|2     |LUT2   |    10|
|3     |LUT3   |     4|
|4     |LUT4   |    20|
|5     |LUT5   |    10|
|6     |LUT6   |    78|
|7     |MUXCY  |    20|
|8     |MUXF7  |    36|
|9     |RAM64M |    96|
|10    |FDRE   |    78|
|11    |FDSE   |     4|
+------+-------+------+
Finished Writing Synthesis Report : Time (s): cpu = 00:00:42 ; elapsed = 00:00:47 . Memory (MB): peak = 797.445 ; gain = 496.305
synth_design: Time (s): cpu = 00:00:44 ; elapsed = 00:00:50 . Memory (MB): peak = 798.840 ; gain = 509.172
