INFO: [VRFC 10-2263] Analyzing Verilog file "E:/Vivado_projects/Crystals-kyber/Crystals-kyber.sim/sim_1/impl/func/xsim/Kyber_top_tb_func_impl.v" into library xil_defaultlib
INFO: [VRFC 10-311] analyzing module Keccak1600
INFO: [VRFC 10-311] analyzing module Kyber_Server
INFO: [VRFC 10-311] analyzing module NTT_core_Server
INFO: [VRFC 10-311] analyzing module RegisterFDRE
INFO: [VRFC 10-311] analyzing module Round
INFO: [VRFC 10-311] analyzing module StateMachine
INFO: [VRFC 10-311] analyzing module blk_mem_gen_0
INFO: [VRFC 10-311] analyzing module blk_mem_gen_0_HD2
INFO: [VRFC 10-311] analyzing module blk_mem_gen_1
INFO: [VRFC 10-311] analyzing module blk_mem_gen_2
INFO: [VRFC 10-311] analyzing module blk_mem_gen_2_HD10
INFO: [VRFC 10-311] analyzing module butterfly_Ser
INFO: [VRFC 10-311] analyzing module c_shift_ram_0
INFO: [VRFC 10-311] analyzing module c_shift_ram_0_HD28
INFO: [VRFC 10-311] analyzing module c_shift_ram_1
INFO: [VRFC 10-311] analyzing module c_shift_ram_11
INFO: [VRFC 10-311] analyzing module c_shift_ram_1_HD38
INFO: [VRFC 10-311] analyzing module c_shift_ram_2
INFO: [VRFC 10-311] analyzing module c_shift_ram_3
INFO: [VRFC 10-311] analyzing module c_shift_ram_4
INFO: [VRFC 10-311] analyzing module c_shift_ram_4_HD18
INFO: [VRFC 10-311] analyzing module c_shift_ram_5
INFO: [VRFC 10-311] analyzing module c_shift_ram_6
INFO: [VRFC 10-311] analyzing module c_shift_ram_8
INFO: [VRFC 10-311] analyzing module c_shift_ram_9
INFO: [VRFC 10-311] analyzing module c_shift_ram_9_HD33
INFO: [VRFC 10-311] analyzing module decode_Server
INFO: [VRFC 10-311] analyzing module decode_keccak
INFO: [VRFC 10-311] analyzing module dist_mem_gen_5
INFO: [VRFC 10-311] analyzing module dist_mem_gen_6
INFO: [VRFC 10-311] analyzing module dist_mem_gen_7
INFO: [VRFC 10-311] analyzing module encode_Server
INFO: [VRFC 10-311] analyzing module fifo_generator_0
INFO: [VRFC 10-311] analyzing module fifo_generator_1
INFO: [VRFC 10-311] analyzing module fifo_generator_2
INFO: [VRFC 10-311] analyzing module fifo_generator_3
INFO: [VRFC 10-311] analyzing module fifo_generator_4
INFO: [VRFC 10-311] analyzing module fifo_generator_5
INFO: [VRFC 10-311] analyzing module fifo_generator_7
INFO: [VRFC 10-311] analyzing module fifo_generator_8
INFO: [VRFC 10-311] analyzing module hash_core_Server
INFO: [VRFC 10-311] analyzing module mult_gen_0
INFO: [VRFC 10-311] analyzing module mult_gen_0_HD23
INFO: [VRFC 10-311] analyzing module reduc
INFO: [VRFC 10-311] analyzing module reduc_0
INFO: [VRFC 10-311] analyzing module theta
INFO: [VRFC 10-311] analyzing module blk_mem_gen_0_blk_mem_gen_generic_cstr
INFO: [VRFC 10-311] analyzing module blk_mem_gen_0_blk_mem_gen_generic_cstr_HD6
INFO: [VRFC 10-311] analyzing module blk_mem_gen_0_blk_mem_gen_prim_width
INFO: [VRFC 10-311] analyzing module blk_mem_gen_0_blk_mem_gen_prim_width_HD7
INFO: [VRFC 10-311] analyzing module blk_mem_gen_0_blk_mem_gen_prim_wrapper
INFO: [VRFC 10-311] analyzing module blk_mem_gen_0_blk_mem_gen_prim_wrapper_HD8
INFO: [VRFC 10-311] analyzing module blk_mem_gen_0_blk_mem_gen_top
INFO: [VRFC 10-311] analyzing module blk_mem_gen_0_blk_mem_gen_top_HD5
INFO: [VRFC 10-311] analyzing module blk_mem_gen_0_blk_mem_gen_v8_4_0
INFO: [VRFC 10-311] analyzing module blk_mem_gen_0_blk_mem_gen_v8_4_0_HD3
INFO: [VRFC 10-311] analyzing module blk_mem_gen_0_blk_mem_gen_v8_4_0_synth
INFO: [VRFC 10-311] analyzing module blk_mem_gen_0_blk_mem_gen_v8_4_0_synth_HD4
INFO: [VRFC 10-311] analyzing module blk_mem_gen_1_blk_mem_gen_generic_cstr
INFO: [VRFC 10-311] analyzing module blk_mem_gen_1_blk_mem_gen_prim_width
INFO: [VRFC 10-311] analyzing module blk_mem_gen_1_blk_mem_gen_prim_wrapper
INFO: [VRFC 10-311] analyzing module blk_mem_gen_1_blk_mem_gen_top
INFO: [VRFC 10-311] analyzing module blk_mem_gen_1_blk_mem_gen_v8_4_0
INFO: [VRFC 10-311] analyzing module blk_mem_gen_1_blk_mem_gen_v8_4_0_synth
INFO: [VRFC 10-311] analyzing module blk_mem_gen_2_blk_mem_gen_generic_cstr
INFO: [VRFC 10-311] analyzing module blk_mem_gen_2_blk_mem_gen_generic_cstr_HD14
INFO: [VRFC 10-311] analyzing module blk_mem_gen_2_blk_mem_gen_prim_width
INFO: [VRFC 10-311] analyzing module blk_mem_gen_2_blk_mem_gen_prim_width_HD15
INFO: [VRFC 10-311] analyzing module blk_mem_gen_2_blk_mem_gen_prim_wrapper
INFO: [VRFC 10-311] analyzing module blk_mem_gen_2_blk_mem_gen_prim_wrapper_HD16
INFO: [VRFC 10-311] analyzing module blk_mem_gen_2_blk_mem_gen_top
INFO: [VRFC 10-311] analyzing module blk_mem_gen_2_blk_mem_gen_top_HD13
INFO: [VRFC 10-311] analyzing module blk_mem_gen_2_blk_mem_gen_v8_4_0
INFO: [VRFC 10-311] analyzing module blk_mem_gen_2_blk_mem_gen_v8_4_0_HD11
INFO: [VRFC 10-311] analyzing module blk_mem_gen_2_blk_mem_gen_v8_4_0_synth
INFO: [VRFC 10-311] analyzing module blk_mem_gen_2_blk_mem_gen_v8_4_0_synth_HD12
INFO: [VRFC 10-311] analyzing module c_shift_ram_0__c_shift_ram_v12_0_11
INFO: [VRFC 10-311] analyzing module c_shift_ram_0__c_shift_ram_v12_0_11_HD29
INFO: [VRFC 10-311] analyzing module c_shift_ram_11_c_shift_ram_v12_0_11
INFO: [VRFC 10-311] analyzing module c_shift_ram_1_c_shift_ram_v12_0_11
INFO: [VRFC 10-311] analyzing module c_shift_ram_1_c_shift_ram_v12_0_11_HD39
INFO: [VRFC 10-311] analyzing module c_shift_ram_2_c_shift_ram_v12_0_11
INFO: [VRFC 10-311] analyzing module c_shift_ram_3_c_shift_ram_v12_0_11
INFO: [VRFC 10-311] analyzing module c_shift_ram_4_c_shift_ram_v12_0_11
INFO: [VRFC 10-311] analyzing module c_shift_ram_4_c_shift_ram_v12_0_11_HD19
INFO: [VRFC 10-311] analyzing module c_shift_ram_5_c_shift_ram_v12_0_11
INFO: [VRFC 10-311] analyzing module c_shift_ram_6_c_shift_ram_v12_0_11
INFO: [VRFC 10-311] analyzing module c_shift_ram_8_c_shift_ram_v12_0_11
INFO: [VRFC 10-311] analyzing module c_shift_ram_9_c_shift_ram_v12_0_11
INFO: [VRFC 10-311] analyzing module c_shift_ram_9_c_shift_ram_v12_0_11_HD34
INFO: [VRFC 10-311] analyzing module dist_mem_gen_5_dist_mem_gen_v8_0_12
INFO: [VRFC 10-311] analyzing module dist_mem_gen_5_dist_mem_gen_v8_0_12_synth
INFO: [VRFC 10-311] analyzing module dist_mem_gen_5_rom
INFO: [VRFC 10-311] analyzing module dist_mem_gen_6_dist_mem_gen_v8_0_12
INFO: [VRFC 10-311] analyzing module dist_mem_gen_6_dist_mem_gen_v8_0_12_synth
INFO: [VRFC 10-311] analyzing module dist_mem_gen_6_rom
INFO: [VRFC 10-311] analyzing module dist_mem_gen_7_dist_mem_gen_v8_0_12
INFO: [VRFC 10-311] analyzing module dist_mem_gen_7_dist_mem_gen_v8_0_12_synth
INFO: [VRFC 10-311] analyzing module dist_mem_gen_7_rom
INFO: [VRFC 10-311] analyzing module fifo_generator_0_dmem
INFO: [VRFC 10-311] analyzing module fifo_generator_0_fifo_generator_ramfifo
INFO: [VRFC 10-311] analyzing module fifo_generator_0_fifo_generator_top
INFO: [VRFC 10-311] analyzing module fifo_generator_0_fifo_generator_v13_2_0
INFO: [VRFC 10-311] analyzing module fifo_generator_0_fifo_generator_v13_2_0_synth
INFO: [VRFC 10-311] analyzing module fifo_generator_0_memory
INFO: [VRFC 10-311] analyzing module fifo_generator_0_rd_bin_cntr
INFO: [VRFC 10-311] analyzing module fifo_generator_0_rd_logic
INFO: [VRFC 10-311] analyzing module fifo_generator_0_rd_status_flags_ss
INFO: [VRFC 10-311] analyzing module fifo_generator_0_wr_bin_cntr
INFO: [VRFC 10-311] analyzing module fifo_generator_0_wr_logic
INFO: [VRFC 10-311] analyzing module fifo_generator_0_wr_status_flags_ss
INFO: [VRFC 10-311] analyzing module fifo_generator_1_dmem
INFO: [VRFC 10-311] analyzing module fifo_generator_1_fifo_generator_ramfifo
INFO: [VRFC 10-311] analyzing module fifo_generator_1_fifo_generator_top
INFO: [VRFC 10-311] analyzing module fifo_generator_1_fifo_generator_v13_2_0
INFO: [VRFC 10-311] analyzing module fifo_generator_1_fifo_generator_v13_2_0_synth
INFO: [VRFC 10-311] analyzing module fifo_generator_1_memory
INFO: [VRFC 10-311] analyzing module fifo_generator_1_rd_bin_cntr
INFO: [VRFC 10-311] analyzing module fifo_generator_1_rd_logic
INFO: [VRFC 10-311] analyzing module fifo_generator_1_rd_status_flags_ss
INFO: [VRFC 10-311] analyzing module fifo_generator_1_wr_bin_cntr
INFO: [VRFC 10-311] analyzing module fifo_generator_1_wr_logic
INFO: [VRFC 10-311] analyzing module fifo_generator_1_wr_status_flags_ss
INFO: [VRFC 10-311] analyzing module fifo_generator_2_dmem
INFO: [VRFC 10-311] analyzing module fifo_generator_2_fifo_generator_ramfifo
INFO: [VRFC 10-311] analyzing module fifo_generator_2_fifo_generator_top
INFO: [VRFC 10-311] analyzing module fifo_generator_2_fifo_generator_v13_2_0
INFO: [VRFC 10-311] analyzing module fifo_generator_2_fifo_generator_v13_2_0_synth
INFO: [VRFC 10-311] analyzing module fifo_generator_2_memory
INFO: [VRFC 10-311] analyzing module fifo_generator_2_rd_bin_cntr
INFO: [VRFC 10-311] analyzing module fifo_generator_2_rd_logic
INFO: [VRFC 10-311] analyzing module fifo_generator_2_rd_status_flags_ss
INFO: [VRFC 10-311] analyzing module fifo_generator_2_wr_bin_cntr
INFO: [VRFC 10-311] analyzing module fifo_generator_2_wr_logic
INFO: [VRFC 10-311] analyzing module fifo_generator_2_wr_status_flags_ss
INFO: [VRFC 10-311] analyzing module fifo_generator_3_compare
INFO: [VRFC 10-311] analyzing module fifo_generator_3_compare_0
INFO: [VRFC 10-311] analyzing module fifo_generator_3_compare_1
INFO: [VRFC 10-311] analyzing module fifo_generator_3_compare_2
INFO: [VRFC 10-311] analyzing module fifo_generator_3_dmem
INFO: [VRFC 10-311] analyzing module fifo_generator_3_fifo_generator_ramfifo
INFO: [VRFC 10-311] analyzing module fifo_generator_3_fifo_generator_top
INFO: [VRFC 10-311] analyzing module fifo_generator_3_fifo_generator_v13_2_0
INFO: [VRFC 10-311] analyzing module fifo_generator_3_fifo_generator_v13_2_0_synth
INFO: [VRFC 10-311] analyzing module fifo_generator_3_memory
INFO: [VRFC 10-311] analyzing module fifo_generator_3_rd_bin_cntr
INFO: [VRFC 10-311] analyzing module fifo_generator_3_rd_logic
INFO: [VRFC 10-311] analyzing module fifo_generator_3_rd_status_flags_ss
INFO: [VRFC 10-311] analyzing module fifo_generator_3_wr_bin_cntr
INFO: [VRFC 10-311] analyzing module fifo_generator_3_wr_logic
INFO: [VRFC 10-311] analyzing module fifo_generator_3_wr_status_flags_ss
INFO: [VRFC 10-311] analyzing module fifo_generator_4_compare
INFO: [VRFC 10-311] analyzing module fifo_generator_4_compare_0
INFO: [VRFC 10-311] analyzing module fifo_generator_4_compare_1
INFO: [VRFC 10-311] analyzing module fifo_generator_4_compare_2
INFO: [VRFC 10-311] analyzing module fifo_generator_4_compare_3
INFO: [VRFC 10-311] analyzing module fifo_generator_4_dmem
INFO: [VRFC 10-311] analyzing module fifo_generator_4_fifo_generator_ramfifo
INFO: [VRFC 10-311] analyzing module fifo_generator_4_fifo_generator_top
INFO: [VRFC 10-311] analyzing module fifo_generator_4_fifo_generator_v13_2_0
INFO: [VRFC 10-311] analyzing module fifo_generator_4_fifo_generator_v13_2_0_synth
INFO: [VRFC 10-311] analyzing module fifo_generator_4_memory
INFO: [VRFC 10-311] analyzing module fifo_generator_4_rd_bin_cntr
INFO: [VRFC 10-311] analyzing module fifo_generator_4_rd_logic
INFO: [VRFC 10-311] analyzing module fifo_generator_4_rd_status_flags_ss
INFO: [VRFC 10-311] analyzing module fifo_generator_4_wr_bin_cntr
INFO: [VRFC 10-311] analyzing module fifo_generator_4_wr_logic
INFO: [VRFC 10-311] analyzing module fifo_generator_4_wr_pf_ss
INFO: [VRFC 10-311] analyzing module fifo_generator_4_wr_status_flags_ss
INFO: [VRFC 10-311] analyzing module fifo_generator_5_dmem
INFO: [VRFC 10-311] analyzing module fifo_generator_5_fifo_generator_ramfifo
INFO: [VRFC 10-311] analyzing module fifo_generator_5_fifo_generator_top
INFO: [VRFC 10-311] analyzing module fifo_generator_5_fifo_generator_v13_2_0
INFO: [VRFC 10-311] analyzing module fifo_generator_5_fifo_generator_v13_2_0_synth
INFO: [VRFC 10-311] analyzing module fifo_generator_5_memory
INFO: [VRFC 10-311] analyzing module fifo_generator_5_rd_bin_cntr
INFO: [VRFC 10-311] analyzing module fifo_generator_5_rd_logic
INFO: [VRFC 10-311] analyzing module fifo_generator_5_rd_status_flags_ss
INFO: [VRFC 10-311] analyzing module fifo_generator_5_wr_bin_cntr
INFO: [VRFC 10-311] analyzing module fifo_generator_5_wr_logic
INFO: [VRFC 10-311] analyzing module fifo_generator_5_wr_status_flags_ss
INFO: [VRFC 10-311] analyzing module fifo_generator_7_dmem
INFO: [VRFC 10-311] analyzing module fifo_generator_7_fifo_generator_ramfifo
INFO: [VRFC 10-311] analyzing module fifo_generator_7_fifo_generator_top
INFO: [VRFC 10-311] analyzing module fifo_generator_7_fifo_generator_v13_2_0
INFO: [VRFC 10-311] analyzing module fifo_generator_7_fifo_generator_v13_2_0_synth
INFO: [VRFC 10-311] analyzing module fifo_generator_7_memory
INFO: [VRFC 10-311] analyzing module fifo_generator_7_rd_bin_cntr
INFO: [VRFC 10-311] analyzing module fifo_generator_7_rd_logic
INFO: [VRFC 10-311] analyzing module fifo_generator_7_rd_status_flags_ss
INFO: [VRFC 10-311] analyzing module fifo_generator_7_wr_bin_cntr
INFO: [VRFC 10-311] analyzing module fifo_generator_7_wr_logic
INFO: [VRFC 10-311] analyzing module fifo_generator_7_wr_status_flags_ss
INFO: [VRFC 10-311] analyzing module fifo_generator_8_dmem
INFO: [VRFC 10-311] analyzing module fifo_generator_8_fifo_generator_ramfifo
INFO: [VRFC 10-311] analyzing module fifo_generator_8_fifo_generator_top
INFO: [VRFC 10-311] analyzing module fifo_generator_8_fifo_generator_v13_2_0
INFO: [VRFC 10-311] analyzing module fifo_generator_8_fifo_generator_v13_2_0_synth
INFO: [VRFC 10-311] analyzing module fifo_generator_8_memory
INFO: [VRFC 10-311] analyzing module fifo_generator_8_rd_bin_cntr
INFO: [VRFC 10-311] analyzing module fifo_generator_8_rd_logic
INFO: [VRFC 10-311] analyzing module fifo_generator_8_rd_status_flags_ss
INFO: [VRFC 10-311] analyzing module fifo_generator_8_wr_bin_cntr
INFO: [VRFC 10-311] analyzing module fifo_generator_8_wr_logic
INFO: [VRFC 10-311] analyzing module fifo_generator_8_wr_status_flags_ss
INFO: [VRFC 10-311] analyzing module mult_gen_0_mult_gen_v12_0_13
INFO: [VRFC 10-311] analyzing module mult_gen_0_mult_gen_v12_0_13_HD24
INFO: [VRFC 10-311] analyzing module c_shift_ram_0__c_shift_ram_v12_0_11_legacy
INFO: [VRFC 10-311] analyzing module c_shift_ram_0__c_shift_ram_v12_0_11_viv
INFO: [VRFC 10-311] analyzing module c_shift_ram_0__c_shift_ram_v12_0_11_viv_HD30
INFO: [VRFC 10-311] analyzing module c_shift_ram_11_c_shift_ram_v12_0_11_legacy
INFO: [VRFC 10-311] analyzing module c_shift_ram_11_c_shift_ram_v12_0_11_viv
INFO: [VRFC 10-311] analyzing module c_shift_ram_1_c_shift_ram_v12_0_11_legacy
INFO: [VRFC 10-311] analyzing module c_shift_ram_1_c_shift_ram_v12_0_11_viv
INFO: [VRFC 10-311] analyzing module c_shift_ram_1_c_shift_ram_v12_0_11_viv_HD40
INFO: [VRFC 10-311] analyzing module c_shift_ram_2_c_shift_ram_v12_0_11_legacy
INFO: [VRFC 10-311] analyzing module c_shift_ram_2_c_shift_ram_v12_0_11_viv
INFO: [VRFC 10-311] analyzing module c_shift_ram_3_c_shift_ram_v12_0_11_legacy
INFO: [VRFC 10-311] analyzing module c_shift_ram_3_c_shift_ram_v12_0_11_viv
INFO: [VRFC 10-311] analyzing module c_shift_ram_4_c_shift_ram_v12_0_11_legacy
INFO: [VRFC 10-311] analyzing module c_shift_ram_4_c_shift_ram_v12_0_11_legacy_HD21
INFO: [VRFC 10-311] analyzing module c_shift_ram_4_c_shift_ram_v12_0_11_viv
INFO: [VRFC 10-311] analyzing module c_shift_ram_4_c_shift_ram_v12_0_11_viv_HD20
INFO: [VRFC 10-311] analyzing module c_shift_ram_5_c_shift_ram_v12_0_11_legacy
INFO: [VRFC 10-311] analyzing module c_shift_ram_5_c_shift_ram_v12_0_11_viv
INFO: [VRFC 10-311] analyzing module c_shift_ram_6_c_shift_ram_v12_0_11_legacy
INFO: [VRFC 10-311] analyzing module c_shift_ram_6_c_shift_ram_v12_0_11_viv
INFO: [VRFC 10-311] analyzing module c_shift_ram_8_c_shift_ram_v12_0_11_legacy
INFO: [VRFC 10-311] analyzing module c_shift_ram_8_c_shift_ram_v12_0_11_viv
INFO: [VRFC 10-311] analyzing module c_shift_ram_9_c_shift_ram_v12_0_11_legacy
INFO: [VRFC 10-311] analyzing module c_shift_ram_9_c_shift_ram_v12_0_11_viv
INFO: [VRFC 10-311] analyzing module c_shift_ram_9_c_shift_ram_v12_0_11_viv_HD35
INFO: [VRFC 10-311] analyzing module mult_gen_0_dsp
INFO: [VRFC 10-311] analyzing module mult_gen_0_mult_gen_v12_0_13_viv
INFO: [VRFC 10-311] analyzing module mult_gen_0_mult_gen_v12_0_13_viv_HD25
INFO: [VRFC 10-311] analyzing module glbl
INFO: [VRFC 10-2263] Analyzing Verilog file "E:/Vivado_projects/Crystals-kyber/Crystals-kyber.srcs/sim_1/new/Kyber_top_tb.v" into library xil_defaultlib
INFO: [VRFC 10-311] analyzing module Kyber_top_tb
