
*** Running vivado
    with args -log blk_mem_gen_2.vds -m64 -product Vivado -mode batch -messageDb vivado.pb -notrace -source blk_mem_gen_2.tcl


****** Vivado v2017.3 (64-bit)
  **** SW Build 2018833 on Wed Oct  4 19:58:22 MDT 2017
  **** IP Build 2016188 on Wed Oct  4 21:52:56 MDT 2017
    ** Copyright 1986-2017 Xilinx, Inc. All Rights Reserved.

source blk_mem_gen_2.tcl -notrace
Starting RTL Elaboration : Time (s): cpu = 00:00:09 ; elapsed = 00:00:11 . Memory (MB): peak = 399.105 ; gain = 98.238
INFO: [Synth 8-638] synthesizing module 'blk_mem_gen_2' [e:/Vivado_projects/Crystals-kyber/Crystals-kyber.srcs/sources_1/ip/blk_mem_gen_2/synth/blk_mem_gen_2.vhd:71]
INFO: [Synth 8-256] done synthesizing module 'blk_mem_gen_2' (9#1) [e:/Vivado_projects/Crystals-kyber/Crystals-kyber.srcs/sources_1/ip/blk_mem_gen_2/synth/blk_mem_gen_2.vhd:71]
Finished RTL Elaboration : Time (s): cpu = 00:01:23 ; elapsed = 00:01:26 . Memory (MB): peak = 656.777 ; gain = 355.910
Finished RTL Optimization Phase 1 : Time (s): cpu = 00:01:23 ; elapsed = 00:01:26 . Memory (MB): peak = 656.777 ; gain = 355.910
INFO: [Device 21-403] Loading part xc7a35tcpg236-1
Constraint Validation Runtime : Time (s): cpu = 00:00:00 ; elapsed = 00:00:00.075 . Memory (MB): peak = 702.094 ; gain = 0.004
Finished Constraint Validation : Time (s): cpu = 00:01:37 ; elapsed = 00:01:42 . Memory (MB): peak = 702.094 ; gain = 401.227
Finished Loading Part and Timing Information : Time (s): cpu = 00:01:37 ; elapsed = 00:01:42 . Memory (MB): peak = 702.094 ; gain = 401.227
Finished applying 'set_property' XDC Constraints : Time (s): cpu = 00:01:37 ; elapsed = 00:01:42 . Memory (MB): peak = 702.094 ; gain = 401.227
Finished RTL Optimization Phase 2 : Time (s): cpu = 00:01:37 ; elapsed = 00:01:42 . Memory (MB): peak = 702.094 ; gain = 401.227
Finished Cross Boundary and Area Optimization : Time (s): cpu = 00:01:37 ; elapsed = 00:01:43 . Memory (MB): peak = 702.094 ; gain = 401.227
Finished Applying XDC Timing Constraints : Time (s): cpu = 00:01:47 ; elapsed = 00:01:53 . Memory (MB): peak = 759.238 ; gain = 458.371
Finished Timing Optimization : Time (s): cpu = 00:01:47 ; elapsed = 00:01:53 . Memory (MB): peak = 759.313 ; gain = 458.445
Finished Technology Mapping : Time (s): cpu = 00:01:47 ; elapsed = 00:01:53 . Memory (MB): peak = 768.840 ; gain = 467.973
Finished IO Insertion : Time (s): cpu = 00:01:48 ; elapsed = 00:01:54 . Memory (MB): peak = 768.840 ; gain = 467.973
Finished Renaming Generated Instances : Time (s): cpu = 00:01:48 ; elapsed = 00:01:54 . Memory (MB): peak = 768.840 ; gain = 467.973
Finished Rebuilding User Hierarchy : Time (s): cpu = 00:01:48 ; elapsed = 00:01:54 . Memory (MB): peak = 768.840 ; gain = 467.973
Finished Renaming Generated Ports : Time (s): cpu = 00:01:48 ; elapsed = 00:01:54 . Memory (MB): peak = 768.840 ; gain = 467.973
Finished Handling Custom Attributes : Time (s): cpu = 00:01:48 ; elapsed = 00:01:54 . Memory (MB): peak = 768.840 ; gain = 467.973
Finished Renaming Generated Nets : Time (s): cpu = 00:01:48 ; elapsed = 00:01:54 . Memory (MB): peak = 768.840 ; gain = 467.973

Report Cell Usage: 
+------+---------+------+
|      |Cell     |Count |
+------+---------+------+
|1     |RAMB18E1 |     1|
+------+---------+------+
Finished Writing Synthesis Report : Time (s): cpu = 00:01:48 ; elapsed = 00:01:54 . Memory (MB): peak = 768.840 ; gain = 467.973
synth_design: Time (s): cpu = 00:01:50 ; elapsed = 00:01:56 . Memory (MB): peak = 781.043 ; gain = 491.645
