Copyright 1986-2017 Xilinx, Inc. All Rights Reserved.
------------------------------------------------------------------------------------
| Tool Version : Vivado v.2017.3 (win64) Build 2018833 Wed Oct  4 19:58:22 MDT 2017
| Date         : Fri Jan  8 10:03:22 2021
| Host         : XINGYF14 running 64-bit major release  (build 9200)
| Command      : upgrade_ip
| Device       : xc7a12tcpg238-1
------------------------------------------------------------------------------------

Upgrade Log for IP 'mult_gen_0'

1. Summary
----------

SUCCESS in the conversion of mult_gen_0 (xilinx.com:ip:mult_gen:12.0 (Rev. 13)) to Vivado generation flows.






Copyright 1986-2017 Xilinx, Inc. All Rights Reserved.
------------------------------------------------------------------------------------
| Tool Version : Vivado v.2017.3 (win64) Build 2018833 Wed Oct  4 19:58:22 MDT 2017
| Date         : Fri Jan  8 10:03:20 2021
| Host         : XINGYF14 running 64-bit major release  (build 9200)
| Command      : upgrade_ip
| Device       : xc7a12tcpg238-1
------------------------------------------------------------------------------------

Upgrade Log for IP 'dist_mem_gen_4'

1. Summary
----------

SUCCESS in the conversion of dist_mem_gen_4 (xilinx.com:ip:dist_mem_gen:8.0 (Rev. 12)) to Vivado generation flows.






Copyright 1986-2017 Xilinx, Inc. All Rights Reserved.
------------------------------------------------------------------------------------
| Tool Version : Vivado v.2017.3 (win64) Build 2018833 Wed Oct  4 19:58:22 MDT 2017
| Date         : Fri Jan  8 10:03:19 2021
| Host         : XINGYF14 running 64-bit major release  (build 9200)
| Command      : upgrade_ip
| Device       : xc7a12tcpg238-1
------------------------------------------------------------------------------------

Upgrade Log for IP 'dist_mem_gen_3'

1. Summary
----------

SUCCESS in the conversion of dist_mem_gen_3 (xilinx.com:ip:dist_mem_gen:8.0 (Rev. 12)) to Vivado generation flows.






Copyright 1986-2017 Xilinx, Inc. All Rights Reserved.
------------------------------------------------------------------------------------
| Tool Version : Vivado v.2017.3 (win64) Build 2018833 Wed Oct  4 19:58:22 MDT 2017
| Date         : Fri Jan  8 10:03:19 2021
| Host         : XINGYF14 running 64-bit major release  (build 9200)
| Command      : upgrade_ip
| Device       : xc7a12tcpg238-1
------------------------------------------------------------------------------------

Upgrade Log for IP 'dist_mem_gen_2'

1. Summary
----------

SUCCESS in the conversion of dist_mem_gen_2 (xilinx.com:ip:dist_mem_gen:8.0 (Rev. 12)) to Vivado generation flows.






Copyright 1986-2017 Xilinx, Inc. All Rights Reserved.
------------------------------------------------------------------------------------
| Tool Version : Vivado v.2017.3 (win64) Build 2018833 Wed Oct  4 19:58:22 MDT 2017
| Date         : Fri Jan  8 10:03:16 2021
| Host         : XINGYF14 running 64-bit major release  (build 9200)
| Command      : upgrade_ip
| Device       : xc7a12tcpg238-1
------------------------------------------------------------------------------------

Upgrade Log for IP 'dist_mem_gen_1'

1. Summary
----------

SUCCESS in the conversion of dist_mem_gen_1 (xilinx.com:ip:dist_mem_gen:8.0 (Rev. 12)) to Vivado generation flows.






Copyright 1986-2017 Xilinx, Inc. All Rights Reserved.
------------------------------------------------------------------------------------
| Tool Version : Vivado v.2017.3 (win64) Build 2018833 Wed Oct  4 19:58:22 MDT 2017
| Date         : Fri Jan  8 10:03:14 2021
| Host         : XINGYF14 running 64-bit major release  (build 9200)
| Command      : upgrade_ip
| Device       : xc7a12tcpg238-1
------------------------------------------------------------------------------------

Upgrade Log for IP 'dist_mem_gen_0'

1. Summary
----------

SUCCESS in the conversion of dist_mem_gen_0 (xilinx.com:ip:dist_mem_gen:8.0 (Rev. 12)) to Vivado generation flows.






Copyright 1986-2017 Xilinx, Inc. All Rights Reserved.
------------------------------------------------------------------------------------
| Tool Version : Vivado v.2017.3 (win64) Build 2018833 Wed Oct  4 19:58:22 MDT 2017
| Date         : Fri Jan  8 10:03:12 2021
| Host         : XINGYF14 running 64-bit major release  (build 9200)
| Command      : upgrade_ip
| Device       : xc7a12tcpg238-1
------------------------------------------------------------------------------------

Upgrade Log for IP 'c_shift_ram_9'

1. Summary
----------

SUCCESS in the conversion of c_shift_ram_9 (xilinx.com:ip:c_shift_ram:12.0 (Rev. 11)) to Vivado generation flows.






Copyright 1986-2017 Xilinx, Inc. All Rights Reserved.
------------------------------------------------------------------------------------
| Tool Version : Vivado v.2017.3 (win64) Build 2018833 Wed Oct  4 19:58:22 MDT 2017
| Date         : Fri Jan  8 10:03:11 2021
| Host         : XINGYF14 running 64-bit major release  (build 9200)
| Command      : upgrade_ip
| Device       : xc7a12tcpg238-1
------------------------------------------------------------------------------------

Upgrade Log for IP 'c_shift_ram_7'

1. Summary
----------

SUCCESS in the conversion of c_shift_ram_7 (xilinx.com:ip:c_shift_ram:12.0 (Rev. 11)) to Vivado generation flows.






Copyright 1986-2017 Xilinx, Inc. All Rights Reserved.
------------------------------------------------------------------------------------
| Tool Version : Vivado v.2017.3 (win64) Build 2018833 Wed Oct  4 19:58:22 MDT 2017
| Date         : Fri Jan  8 10:03:09 2021
| Host         : XINGYF14 running 64-bit major release  (build 9200)
| Command      : upgrade_ip
| Device       : xc7a12tcpg238-1
------------------------------------------------------------------------------------

Upgrade Log for IP 'c_shift_ram_10'

1. Summary
----------

SUCCESS in the conversion of c_shift_ram_10 (xilinx.com:ip:c_shift_ram:12.0 (Rev. 11)) to Vivado generation flows.






Copyright 1986-2017 Xilinx, Inc. All Rights Reserved.
------------------------------------------------------------------------------------
| Tool Version : Vivado v.2017.3 (win64) Build 2018833 Wed Oct  4 19:58:22 MDT 2017
| Date         : Fri Jan  8 10:03:07 2021
| Host         : XINGYF14 running 64-bit major release  (build 9200)
| Command      : upgrade_ip
| Device       : xc7a12tcpg238-1
------------------------------------------------------------------------------------

Upgrade Log for IP 'c_shift_ram_1'

1. Summary
----------

SUCCESS in the conversion of c_shift_ram_1 (xilinx.com:ip:c_shift_ram:12.0 (Rev. 11)) to Vivado generation flows.






Copyright 1986-2017 Xilinx, Inc. All Rights Reserved.
------------------------------------------------------------------------------------
| Tool Version : Vivado v.2017.3 (win64) Build 2018833 Wed Oct  4 19:58:22 MDT 2017
| Date         : Fri Jan  8 10:03:04 2021
| Host         : XINGYF14 running 64-bit major release  (build 9200)
| Command      : upgrade_ip
| Device       : xc7a12tcpg238-1
------------------------------------------------------------------------------------

Upgrade Log for IP 'c_shift_ram_0'

1. Summary
----------

SUCCESS in the conversion of c_shift_ram_0 (xilinx.com:ip:c_shift_ram:12.0 (Rev. 11)) to Vivado generation flows.






Copyright 1986-2017 Xilinx, Inc. All Rights Reserved.
------------------------------------------------------------------------------------
| Tool Version : Vivado v.2017.3 (win64) Build 2018833 Wed Oct  4 19:58:22 MDT 2017
| Date         : Wed Jan  6 20:32:03 2021
| Host         : XINGYF14 running 64-bit major release  (build 9200)
| Command      : upgrade_ip
| Device       : xc7a12tcpg238-1
------------------------------------------------------------------------------------

Upgrade Log for IP 'fifo_generator_1'

1. Summary
----------

SUCCESS in the conversion of fifo_generator_1 (xilinx.com:ip:fifo_generator:13.2) to Vivado generation flows.






Copyright 1986-2017 Xilinx, Inc. All Rights Reserved.
------------------------------------------------------------------------------------
| Tool Version : Vivado v.2017.3 (win64) Build 2018833 Wed Oct  4 19:58:22 MDT 2017
| Date         : Wed Jan  6 20:32:00 2021
| Host         : XINGYF14 running 64-bit major release  (build 9200)
| Command      : upgrade_ip
| Device       : xc7a12tcpg238-1
------------------------------------------------------------------------------------

Upgrade Log for IP 'fifo_generator_0'

1. Summary
----------

SUCCESS in the conversion of fifo_generator_0 (xilinx.com:ip:fifo_generator:13.2) to Vivado generation flows.






Copyright 1986-2017 Xilinx, Inc. All Rights Reserved.
------------------------------------------------------------------------------------
| Tool Version : Vivado v.2017.3 (win64) Build 2018833 Wed Oct  4 19:58:22 MDT 2017
| Date         : Wed Jan  6 20:31:51 2021
| Host         : XINGYF14 running 64-bit major release  (build 9200)
| Command      : upgrade_ip
| Device       : xc7a12tcpg238-1
------------------------------------------------------------------------------------

Upgrade Log for IP 'fifo_generator_6'

1. Summary
----------

SUCCESS in the conversion of fifo_generator_6 (xilinx.com:ip:fifo_generator:13.2) to Vivado generation flows.






Copyright 1986-2017 Xilinx, Inc. All Rights Reserved.
------------------------------------------------------------------------------------
| Tool Version : Vivado v.2017.3 (win64) Build 2018833 Wed Oct  4 19:58:22 MDT 2017
| Date         : Wed Jan  6 20:31:04 2021
| Host         : XINGYF14 running 64-bit major release  (build 9200)
| Command      : upgrade_ip
| Device       : xc7a12tcpg238-1
------------------------------------------------------------------------------------

Upgrade Log for IP 'fifo_generator_5'

1. Summary
----------

SUCCESS in the conversion of fifo_generator_5 (xilinx.com:ip:fifo_generator:13.2) to Vivado generation flows.






Copyright 1986-2017 Xilinx, Inc. All Rights Reserved.
------------------------------------------------------------------------------------
| Tool Version : Vivado v.2017.3 (win64) Build 2018833 Wed Oct  4 19:58:22 MDT 2017
| Date         : Wed Jan  6 20:31:02 2021
| Host         : XINGYF14 running 64-bit major release  (build 9200)
| Command      : upgrade_ip
| Device       : xc7a12tcpg238-1
------------------------------------------------------------------------------------

Upgrade Log for IP 'fifo_generator_4'

1. Summary
----------

SUCCESS in the conversion of fifo_generator_4 (xilinx.com:ip:fifo_generator:13.2) to Vivado generation flows.






Copyright 1986-2017 Xilinx, Inc. All Rights Reserved.
------------------------------------------------------------------------------------
| Tool Version : Vivado v.2017.3 (win64) Build 2018833 Wed Oct  4 19:58:22 MDT 2017
| Date         : Wed Jan  6 20:31:00 2021
| Host         : XINGYF14 running 64-bit major release  (build 9200)
| Command      : upgrade_ip
| Device       : xc7a12tcpg238-1
------------------------------------------------------------------------------------

Upgrade Log for IP 'fifo_generator_3'

1. Summary
----------

SUCCESS in the conversion of fifo_generator_3 (xilinx.com:ip:fifo_generator:13.2) to Vivado generation flows.






Copyright 1986-2017 Xilinx, Inc. All Rights Reserved.
------------------------------------------------------------------------------------
| Tool Version : Vivado v.2017.3 (win64) Build 2018833 Wed Oct  4 19:58:22 MDT 2017
| Date         : Wed Jan  6 20:30:58 2021
| Host         : XINGYF14 running 64-bit major release  (build 9200)
| Command      : upgrade_ip
| Device       : xc7a12tcpg238-1
------------------------------------------------------------------------------------

Upgrade Log for IP 'fifo_generator_2'

1. Summary
----------

SUCCESS in the conversion of fifo_generator_2 (xilinx.com:ip:fifo_generator:13.2) to Vivado generation flows.






Copyright 1986-2017 Xilinx, Inc. All Rights Reserved.
------------------------------------------------------------------------------------
| Tool Version : Vivado v.2017.3 (win64) Build 2018833 Wed Oct  4 19:58:22 MDT 2017
| Date         : Wed Jan  6 20:30:37 2021
| Host         : XINGYF14 running 64-bit major release  (build 9200)
| Command      : upgrade_ip
| Device       : xc7a12tcpg238-1
------------------------------------------------------------------------------------

Upgrade Log for IP 'dist_mem_gen_6'

1. Summary
----------

SUCCESS in the conversion of dist_mem_gen_6 (xilinx.com:ip:dist_mem_gen:8.0 (Rev. 12)) to Vivado generation flows.






Copyright 1986-2017 Xilinx, Inc. All Rights Reserved.
------------------------------------------------------------------------------------
| Tool Version : Vivado v.2017.3 (win64) Build 2018833 Wed Oct  4 19:58:22 MDT 2017
| Date         : Wed Jan  6 20:30:36 2021
| Host         : XINGYF14 running 64-bit major release  (build 9200)
| Command      : upgrade_ip
| Device       : xc7a12tcpg238-1
------------------------------------------------------------------------------------

Upgrade Log for IP 'dist_mem_gen_5'

1. Summary
----------

SUCCESS in the conversion of dist_mem_gen_5 (xilinx.com:ip:dist_mem_gen:8.0 (Rev. 12)) to Vivado generation flows.






Copyright 1986-2017 Xilinx, Inc. All Rights Reserved.
------------------------------------------------------------------------------------
| Tool Version : Vivado v.2017.3 (win64) Build 2018833 Wed Oct  4 19:58:22 MDT 2017
| Date         : Wed Jan  6 20:30:33 2021
| Host         : XINGYF14 running 64-bit major release  (build 9200)
| Command      : upgrade_ip
| Device       : xc7a12tcpg238-1
------------------------------------------------------------------------------------

Upgrade Log for IP 'c_shift_ram_8'

1. Summary
----------

SUCCESS in the conversion of c_shift_ram_8 (xilinx.com:ip:c_shift_ram:12.0 (Rev. 11)) to Vivado generation flows.






Copyright 1986-2017 Xilinx, Inc. All Rights Reserved.
------------------------------------------------------------------------------------
| Tool Version : Vivado v.2017.3 (win64) Build 2018833 Wed Oct  4 19:58:22 MDT 2017
| Date         : Wed Jan  6 20:30:33 2021
| Host         : XINGYF14 running 64-bit major release  (build 9200)
| Command      : upgrade_ip
| Device       : xc7a12tcpg238-1
------------------------------------------------------------------------------------

Upgrade Log for IP 'c_shift_ram_6'

1. Summary
----------

SUCCESS in the conversion of c_shift_ram_6 (xilinx.com:ip:c_shift_ram:12.0 (Rev. 11)) to Vivado generation flows.






Copyright 1986-2017 Xilinx, Inc. All Rights Reserved.
------------------------------------------------------------------------------------
| Tool Version : Vivado v.2017.3 (win64) Build 2018833 Wed Oct  4 19:58:22 MDT 2017
| Date         : Wed Jan  6 20:30:32 2021
| Host         : XINGYF14 running 64-bit major release  (build 9200)
| Command      : upgrade_ip
| Device       : xc7a12tcpg238-1
------------------------------------------------------------------------------------

Upgrade Log for IP 'c_shift_ram_5'

1. Summary
----------

SUCCESS in the conversion of c_shift_ram_5 (xilinx.com:ip:c_shift_ram:12.0 (Rev. 11)) to Vivado generation flows.






Copyright 1986-2017 Xilinx, Inc. All Rights Reserved.
------------------------------------------------------------------------------------
| Tool Version : Vivado v.2017.3 (win64) Build 2018833 Wed Oct  4 19:58:22 MDT 2017
| Date         : Wed Jan  6 20:30:32 2021
| Host         : XINGYF14 running 64-bit major release  (build 9200)
| Command      : upgrade_ip
| Device       : xc7a12tcpg238-1
------------------------------------------------------------------------------------

Upgrade Log for IP 'c_shift_ram_4'

1. Summary
----------

SUCCESS in the conversion of c_shift_ram_4 (xilinx.com:ip:c_shift_ram:12.0 (Rev. 11)) to Vivado generation flows.






Copyright 1986-2017 Xilinx, Inc. All Rights Reserved.
------------------------------------------------------------------------------------
| Tool Version : Vivado v.2017.3 (win64) Build 2018833 Wed Oct  4 19:58:22 MDT 2017
| Date         : Wed Jan  6 20:30:30 2021
| Host         : XINGYF14 running 64-bit major release  (build 9200)
| Command      : upgrade_ip
| Device       : xc7a12tcpg238-1
------------------------------------------------------------------------------------

Upgrade Log for IP 'c_shift_ram_3'

1. Summary
----------

SUCCESS in the conversion of c_shift_ram_3 (xilinx.com:ip:c_shift_ram:12.0 (Rev. 11)) to Vivado generation flows.






Copyright 1986-2017 Xilinx, Inc. All Rights Reserved.
------------------------------------------------------------------------------------
| Tool Version : Vivado v.2017.3 (win64) Build 2018833 Wed Oct  4 19:58:22 MDT 2017
| Date         : Wed Jan  6 20:30:30 2021
| Host         : XINGYF14 running 64-bit major release  (build 9200)
| Command      : upgrade_ip
| Device       : xc7a12tcpg238-1
------------------------------------------------------------------------------------

Upgrade Log for IP 'c_shift_ram_2'

1. Summary
----------

SUCCESS in the conversion of c_shift_ram_2 (xilinx.com:ip:c_shift_ram:12.0 (Rev. 11)) to Vivado generation flows.






Copyright 1986-2017 Xilinx, Inc. All Rights Reserved.
------------------------------------------------------------------------------------
| Tool Version : Vivado v.2017.3 (win64) Build 2018833 Wed Oct  4 19:58:22 MDT 2017
| Date         : Wed Jan  6 20:30:28 2021
| Host         : XINGYF14 running 64-bit major release  (build 9200)
| Command      : upgrade_ip
| Device       : xc7a12tcpg238-1
------------------------------------------------------------------------------------

Upgrade Log for IP 'c_shift_ram_11'

1. Summary
----------

SUCCESS in the conversion of c_shift_ram_11 (xilinx.com:ip:c_shift_ram:12.0 (Rev. 11)) to Vivado generation flows.






Copyright 1986-2017 Xilinx, Inc. All Rights Reserved.
------------------------------------------------------------------------------------
| Tool Version : Vivado v.2017.3 (win64) Build 2018833 Wed Oct  4 19:58:22 MDT 2017
| Date         : Wed Jan  6 20:30:27 2021
| Host         : XINGYF14 running 64-bit major release  (build 9200)
| Command      : upgrade_ip
| Device       : xc7a12tcpg238-1
------------------------------------------------------------------------------------

Upgrade Log for IP 'blk_mem_gen_2'

1. Summary
----------

SUCCESS in the conversion of blk_mem_gen_2 (xilinx.com:ip:blk_mem_gen:8.4) to Vivado generation flows.






Copyright 1986-2017 Xilinx, Inc. All Rights Reserved.
------------------------------------------------------------------------------------
| Tool Version : Vivado v.2017.3 (win64) Build 2018833 Wed Oct  4 19:58:22 MDT 2017
| Date         : Wed Jan  6 20:30:25 2021
| Host         : XINGYF14 running 64-bit major release  (build 9200)
| Command      : upgrade_ip
| Device       : xc7a12tcpg238-1
------------------------------------------------------------------------------------

Upgrade Log for IP 'blk_mem_gen_1'

1. Summary
----------

SUCCESS in the conversion of blk_mem_gen_1 (xilinx.com:ip:blk_mem_gen:8.4) to Vivado generation flows.






Copyright 1986-2017 Xilinx, Inc. All Rights Reserved.
------------------------------------------------------------------------------------
| Tool Version : Vivado v.2017.3 (win64) Build 2018833 Wed Oct  4 19:58:22 MDT 2017
| Date         : Wed Jan  6 20:30:22 2021
| Host         : XINGYF14 running 64-bit major release  (build 9200)
| Command      : upgrade_ip
| Device       : xc7a12tcpg238-1
------------------------------------------------------------------------------------

Upgrade Log for IP 'blk_mem_gen_0'

1. Summary
----------

SUCCESS in the conversion of blk_mem_gen_0 (xilinx.com:ip:blk_mem_gen:8.4) to Vivado generation flows.






Copyright 1986-2017 Xilinx, Inc. All Rights Reserved.
------------------------------------------------------------------------------------
| Tool Version : Vivado v.2017.3 (win64) Build 2018833 Wed Oct  4 19:58:22 MDT 2017
| Date         : Tue Jan  5 00:20:01 2021
| Host         : XINGYF14 running 64-bit major release  (build 9200)
| Command      : upgrade_ip
| Device       : xc7a12tcpg238-1
------------------------------------------------------------------------------------

Upgrade Log for IP 'dist_mem_gen_7'

1. Summary
----------

SUCCESS in the conversion of dist_mem_gen_7 (xilinx.com:ip:dist_mem_gen:8.0 (Rev. 12)) to Vivado generation flows.






Copyright 1986-2017 Xilinx, Inc. All Rights Reserved.
------------------------------------------------------------------------------------
| Tool Version : Vivado v.2017.3 (win64) Build 2018833 Wed Oct  4 19:58:22 MDT 2017
| Date         : Mon Jan  4 00:07:23 2021
| Host         : XINGYF14 running 64-bit major release  (build 9200)
| Command      : upgrade_ip
| Device       : xc7a12tcpg238-1
------------------------------------------------------------------------------------

Upgrade Log for IP 'fifo_generator_7'

1. Summary
----------

SUCCESS in the conversion of fifo_generator_7 (xilinx.com:ip:fifo_generator:13.2) to Vivado generation flows.

