
*** Running vivado
    with args -log blk_mem_gen_1.vds -m64 -product Vivado -mode batch -messageDb vivado.pb -notrace -source blk_mem_gen_1.tcl


****** Vivado v2017.3 (64-bit)
  **** SW Build 2018833 on Wed Oct  4 19:58:22 MDT 2017
  **** IP Build 2016188 on Wed Oct  4 21:52:56 MDT 2017
    ** Copyright 1986-2017 Xilinx, Inc. All Rights Reserved.

source blk_mem_gen_1.tcl -notrace
Starting RTL Elaboration : Time (s): cpu = 00:00:10 ; elapsed = 00:00:10 . Memory (MB): peak = 399.422 ; gain = 98.688
INFO: [Synth 8-638] synthesizing module 'blk_mem_gen_1' [e:/Vivado_projects/Crystals-kyber/Crystals-kyber.srcs/sources_1/ip/blk_mem_gen_1/synth/blk_mem_gen_1.vhd:71]
INFO: [Synth 8-256] done synthesizing module 'blk_mem_gen_1' (9#1) [e:/Vivado_projects/Crystals-kyber/Crystals-kyber.srcs/sources_1/ip/blk_mem_gen_1/synth/blk_mem_gen_1.vhd:71]
Finished RTL Elaboration : Time (s): cpu = 00:01:22 ; elapsed = 00:01:23 . Memory (MB): peak = 659.313 ; gain = 358.578
Finished RTL Optimization Phase 1 : Time (s): cpu = 00:01:22 ; elapsed = 00:01:23 . Memory (MB): peak = 659.313 ; gain = 358.578
INFO: [Device 21-403] Loading part xc7a35tcpg236-1
Constraint Validation Runtime : Time (s): cpu = 00:00:00 ; elapsed = 00:00:00.027 . Memory (MB): peak = 703.168 ; gain = 0.000
Finished Constraint Validation : Time (s): cpu = 00:01:35 ; elapsed = 00:01:37 . Memory (MB): peak = 703.168 ; gain = 402.434
Finished Loading Part and Timing Information : Time (s): cpu = 00:01:35 ; elapsed = 00:01:37 . Memory (MB): peak = 703.168 ; gain = 402.434
Finished applying 'set_property' XDC Constraints : Time (s): cpu = 00:01:35 ; elapsed = 00:01:37 . Memory (MB): peak = 703.168 ; gain = 402.434
Finished RTL Optimization Phase 2 : Time (s): cpu = 00:01:36 ; elapsed = 00:01:37 . Memory (MB): peak = 703.168 ; gain = 402.434
Finished Cross Boundary and Area Optimization : Time (s): cpu = 00:01:36 ; elapsed = 00:01:38 . Memory (MB): peak = 703.168 ; gain = 402.434
Finished Applying XDC Timing Constraints : Time (s): cpu = 00:01:50 ; elapsed = 00:01:52 . Memory (MB): peak = 764.484 ; gain = 463.750
Finished Timing Optimization : Time (s): cpu = 00:01:50 ; elapsed = 00:01:52 . Memory (MB): peak = 764.563 ; gain = 463.828
Finished Technology Mapping : Time (s): cpu = 00:01:50 ; elapsed = 00:01:52 . Memory (MB): peak = 774.094 ; gain = 473.359
Finished IO Insertion : Time (s): cpu = 00:01:51 ; elapsed = 00:01:53 . Memory (MB): peak = 774.094 ; gain = 473.359
Finished Renaming Generated Instances : Time (s): cpu = 00:01:51 ; elapsed = 00:01:53 . Memory (MB): peak = 774.094 ; gain = 473.359
Finished Rebuilding User Hierarchy : Time (s): cpu = 00:01:51 ; elapsed = 00:01:53 . Memory (MB): peak = 774.094 ; gain = 473.359
Finished Renaming Generated Ports : Time (s): cpu = 00:01:51 ; elapsed = 00:01:53 . Memory (MB): peak = 774.094 ; gain = 473.359
Finished Handling Custom Attributes : Time (s): cpu = 00:01:51 ; elapsed = 00:01:53 . Memory (MB): peak = 774.094 ; gain = 473.359
Finished Renaming Generated Nets : Time (s): cpu = 00:01:51 ; elapsed = 00:01:53 . Memory (MB): peak = 774.094 ; gain = 473.359

Report Cell Usage: 
+------+---------+------+
|      |Cell     |Count |
+------+---------+------+
|1     |RAMB36E1 |     1|
+------+---------+------+
Finished Writing Synthesis Report : Time (s): cpu = 00:01:51 ; elapsed = 00:01:53 . Memory (MB): peak = 774.094 ; gain = 473.359
synth_design: Time (s): cpu = 00:01:53 ; elapsed = 00:01:55 . Memory (MB): peak = 785.754 ; gain = 496.492
